C51 COMPILER V9.54   MAIN                                                                  10/12/2022 16:04:33 PAGE 1   


C51 COMPILER V9.54, COMPILATION OF MODULE MAIN
OBJECT MODULE PLACED IN .\Objects\main.obj
COMPILER INVOKED BY: E:\learning_51\keil5\C51\BIN\C51.EXE main.c OPTIMIZE(8,SPEED) BROWSE DEBUG OBJECTEXTEND PRINT(.\Lis
                    -tings\main.lst) TABS(2) OBJECT(.\Objects\main.obj)

line level    source

   1          #include <REGX52.H>
   2          #include "LCD1602.h"
   3          #include "DS1302.h"
   4          #include "Delay.h"
   5          
   6          void main()
   7          {
   8   1        LCD_Init();
   9   1        DS1302_Init();
  10   1        DS1302_SetTime();
  11   1        
  12   1        while(1)
  13   1        {
  14   2          DS1302_ReadTime();
  15   2          LCD_ShowNum(1,1,DS1302Time[0],2); 
  16   2          LCD_ShowString(1,3,"-");
  17   2          LCD_ShowNum(1,4,DS1302Time[1],2); 
  18   2          LCD_ShowString(1,6,"-");
  19   2          LCD_ShowNum(1,7,DS1302Time[2],2); 
  20   2          
  21   2          LCD_ShowNum(2,1,DS1302Time[3],2); 
  22   2          LCD_ShowString(2,3,":");
  23   2          LCD_ShowNum(2,4,DS1302Time[4],2); 
  24   2          LCD_ShowString(2,6,":");
  25   2          LCD_ShowNum(2,7,DS1302Time[5],2);   //把BCD码转换为十进制
  26   2          //Delay(500);
  27   2        }
  28   1      }


MODULE INFORMATION:   STATIC OVERLAYABLE
   CODE SIZE        =    157    ----
   CONSTANT SIZE    =      4    ----
   XDATA SIZE       =   ----    ----
   PDATA SIZE       =   ----    ----
   DATA SIZE        =   ----    ----
   IDATA SIZE       =   ----    ----
   BIT SIZE         =   ----    ----
END OF MODULE INFORMATION.


C51 COMPILATION COMPLETE.  0 WARNING(S),  0 ERROR(S)
