C51 COMPILER V9.54   MAIN                                                                  10/06/2022 19:15:57 PAGE 1   


C51 COMPILER V9.54, COMPILATION OF MODULE MAIN
OBJECT MODULE PLACED IN .\Objects\main.obj
COMPILER INVOKED BY: E:\learning_51\keil5\C51\BIN\C51.EXE main.c OPTIMIZE(8,SPEED) BROWSE DEBUG OBJECTEXTEND PRINT(.\Lis
                    -tings\main.lst) TABS(2) OBJECT(.\Objects\main.obj)

line level    source

   1          #include <REGX52.H>
   2          #include "Delay.h"
   3          #include "Matrix_Led.h"
   4          //流动的动画数据
   5          unsigned char AmationData[]={
   6            0x00,0x00,0x00,0x00,0x00,0x00,0x00,0x00,
   7            0xFF,0x08,0x08,0x08,0x08,0xFF,0x00,0x3F,
   8            0x25,0x25,0x3D,0x00,0xFF,0x01,0x01,0x01,
   9            0x00,0xFF,0x01,0x01,0x00,0x3F,0x21,0x21,
  10            0x3F,0x00,0x3F,0x21,0x21,0x3F,0x00,0x3D,
  11            0x00,0x00,0x00,0x00,0x00,0x00,0x00,0x00,
  12          };
  13          void main()
  14          {
  15   1        unsigned char i,offset=1,count=0;
  16   1        Matrix_Init();
  17   1        
  18   1        while(1)
  19   1        {
  20   2          //笑脸
  21   2      //    MatrixLed_ShowColumn(0x3C,0);
  22   2      //    MatrixLed_ShowColumn(0x42,1);
  23   2      //    MatrixLed_ShowColumn(0xA9,2);
  24   2      //    MatrixLed_ShowColumn(0x85,3);
  25   2      //    MatrixLed_ShowColumn(0x85,4);
  26   2      //    MatrixLed_ShowColumn(0xA9,5);
  27   2      //    MatrixLed_ShowColumn(0x42,6);
  28   2      //    MatrixLed_ShowColumn(0x3C,7);
  29   2          
  30   2          //爱心
  31   2      //    MatrixLed_ShowColumn(0x38,0);
  32   2      //    MatrixLed_ShowColumn(0x7C,1);
  33   2      //    MatrixLed_ShowColumn(0x3E,2);
  34   2      //    MatrixLed_ShowColumn(0x1F,3);
  35   2      //    MatrixLed_ShowColumn(0x1F,4);
  36   2      //    MatrixLed_ShowColumn(0x3E,5);
  37   2      //    MatrixLed_ShowColumn(0x7C,6);
  38   2      //    MatrixLed_ShowColumn(0x38,7);
  39   2          
  40   2          //显示动画
  41   2          for(i=0;i<8;i++)
  42   2          {
  43   3            MatrixLed_ShowColumn(AmationData[i+offset],i);
  44   3          }
  45   2          count++;
  46   2          if(count>20)
  47   2          {
  48   3            count=0;
  49   3            offset++;
  50   3          }
  51   2          if(offset>40)
  52   2          {
  53   3            offset=0;
  54   3          }
C51 COMPILER V9.54   MAIN                                                                  10/06/2022 19:15:57 PAGE 2   

  55   2        }
  56   1      }


MODULE INFORMATION:   STATIC OVERLAYABLE
   CODE SIZE        =     64    ----
   CONSTANT SIZE    =   ----    ----
   XDATA SIZE       =   ----    ----
   PDATA SIZE       =   ----    ----
   DATA SIZE        =     48       3
   IDATA SIZE       =   ----    ----
   BIT SIZE         =   ----    ----
END OF MODULE INFORMATION.


C51 COMPILATION COMPLETE.  0 WARNING(S),  0 ERROR(S)
