C51 COMPILER V9.54   MATRIX_LED                                                            10/06/2022 18:42:17 PAGE 1   


C51 COMPILER V9.54, COMPILATION OF MODULE MATRIX_LED
OBJECT MODULE PLACED IN .\Objects\Matrix_Led.obj
COMPILER INVOKED BY: E:\learning_51\keil5\C51\BIN\C51.EXE Matrix_Led.c OPTIMIZE(8,SPEED) BROWSE DEBUG OBJECTEXTEND PRINT
                    -(.\Listings\Matrix_Led.lst) TABS(2) OBJECT(.\Objects\Matrix_Led.obj)

line level    source

   1          #include <REGX52.H>
   2          #include "Delay.h"
   3          
   4          //定义74HC595 控制管脚
   5          sbit RCK=P3^5;  //存储寄存器时钟输入  RCLK
   6          sbit SCK=P3^6;  //移位寄存器时钟输入  SRCLK
   7          sbit SER=P3^4;  //串行数据输入
   8          
   9          //笑脸的行数据
  10          //unsigned char rowArray[]={0x3C,0x42,0xA9,0x85,0x85,0xA9,0x42,0x3E};
  11          //unsigned char columnArray[]={0x3C,0x42,0xA5,0x81,0xA5,0x99,0x43,0x3C};
  12          
  13          
  14          /**
  15            * @brief 向74H595中写入一个字节的数据
  16            * @param Byte 要写入的字节
  17            * @retval 无
  18            */
  19          void _74H595_WriteByte(unsigned char byte)  //向74H595中写入一个字节的数据
  20          {
  21   1      //  SER=0x80;   //1000 0000 串行输入一个数据 最低位置1
  22   1      //  SCK=1;
  23   1      //  SCk=0;
  24   1        unsigned char i;
  25   1        for(i=0;i<8;i++)
  26   1        {
  27   2          SER=byte&(0x80>>i);    //逐步向右移位  0x40 0x20
  28   2          SCK=1;   //上升沿
  29   2          SCK=0;
  30   2        }
  31   1        RCK=1;
  32   1        RCK=0;  //存储寄存器时钟上升沿将前面写入到寄存器的数据输出
  33   1      }
  34          
  35          /**
  36            * @brief LED点阵屏的初始化
  37            * @param  无
  38            * @retval 无
  39            */
  40          void Matrix_Init()
  41          {
  42   1        SCK=0;
  43   1        RCK=0;
  44   1      }
  45          
  46          
  47          /**
  48            * @brief LED点阵屏显示一列数据
  49            * @param row 选择的列显示的数据  高位在上 1为亮
  50            * @param column 要选择的列（0~7） 0在最左边
  51            * @retval 无
  52            */
  53          void MatrixLed_ShowColumn(unsigned char row,column)
  54          {
C51 COMPILER V9.54   MATRIX_LED                                                            10/06/2022 18:42:17 PAGE 2   

  55   1        _74H595_WriteByte(row);  //控制行
  56   1        //if(column==0)   {P0=~0x80};  后面依次递增
  57   1        P0=~(0x80>>column);  //控制列  
  58   1        Delay(1);
  59   1        P0=0xFF;
  60   1      }


MODULE INFORMATION:   STATIC OVERLAYABLE
   CODE SIZE        =     82    ----
   CONSTANT SIZE    =   ----    ----
   XDATA SIZE       =   ----    ----
   PDATA SIZE       =   ----    ----
   DATA SIZE        =   ----       2
   IDATA SIZE       =   ----    ----
   BIT SIZE         =   ----    ----
END OF MODULE INFORMATION.


C51 COMPILATION COMPLETE.  0 WARNING(S),  0 ERROR(S)
