C51 COMPILER V9.54   I2C                                                                   10/15/2022 22:36:59 PAGE 1   


C51 COMPILER V9.54, COMPILATION OF MODULE I2C
OBJECT MODULE PLACED IN .\Objects\I2C.obj
COMPILER INVOKED BY: E:\learning_51\keil5\C51\BIN\C51.EXE I2C.c OPTIMIZE(8,SPEED) BROWSE DEBUG OBJECTEXTEND PRINT(.\List
                    -ings\I2C.lst) TABS(2) OBJECT(.\Objects\I2C.obj)

line level    source

   1          #include <REGX52.H>
   2          
   3          sbit I2C_SCL=P2^1;
   4          sbit I2C_SDA=P2^0;
   5          
   6          /**
   7            * @brief I2C开始函数 发送开始信号
   8            * @param  无 
   9            * @retval 无
  10            */
  11          void I2C_Start()
  12          {
  13   1        I2C_SDA=1;
  14   1        I2C_SCL=1;
  15   1        
  16   1        I2C_SDA=0;
  17   1        I2C_SCL=0;
  18   1      }
  19          
  20          /**
  21            * @brief I2C停止函数 发送停止信号
  22            * @param  无
  23            * @retval 无
  24            */
  25          void I2C_Stop()
  26          {
  27   1        I2C_SDA=0;
  28   1        
  29   1        I2C_SCL=1;
  30   1        I2C_SDA=1;  
  31   1      }
  32          
  33          /**
  34            * @brief I2C发送一个字节  用于发送一个八位数据
  35            * @param  byte 要发送的八位数据
  36            * @retval 无
  37            */
  38          void I2C_SendByte(unsigned char byte)
  39          {
  40   1        unsigned char i;
  41   1        for(i=0;i<8;i++)
  42   1        {
  43   2        I2C_SDA=byte&(0x80>>i);
  44   2        I2C_SCL=1;
  45   2        I2C_SCL=0;
  46   2        }
  47   1        
  48   1      }
  49          
  50          /**
  51            * @brief I2C接收函数 用于接收一个八位数据
  52            * @param  无
  53            * @retval 返回接收道德八位数据
  54            */
C51 COMPILER V9.54   I2C                                                                   10/15/2022 22:36:59 PAGE 2   

  55          unsigned char I2C_ReceiveByte()
  56          {
  57   1        unsigned char i,byte=0x00;
  58   1        I2C_SDA=1;
  59   1        
  60   1        for(i=0;i<8;i++)
  61   1        {
  62   2          I2C_SCL=1;
  63   2        if(I2C_SDA==1)
  64   2        {
  65   3          byte|=(0x80>>i);
  66   3        }
  67   2        I2C_SCL=0;
  68   2        }
  69   1        
  70   1        return byte;
  71   1      }
  72          
  73          /**
  74            * @brief I2C发送应答函数 发送一个ACK信号
  75            * @param  ACK 应答位 0为应答，1为非应答
  76            * @retval 无
  77            */
  78          void I2C_SendAck(unsigned char ACK)
  79          {
  80   1        I2C_SDA=ACK;
  81   1        
  82   1        I2C_SCL=1;
  83   1        I2C_SCL=0;
  84   1      }
  85          
  86          /**
  87            * @brief I2C接收应答
  88            * @param  无
  89            * @retval 接收到的应答位
  90            */
  91          unsigned char I2C_ReceiveACK()
  92          {
  93   1        unsigned char AckBit;
  94   1        
  95   1        I2C_SDA=1;
  96   1        I2C_SCL=1;  
  97   1        AckBit=I2C_SDA;
  98   1        I2C_SCL=0;
  99   1        return AckBit;
 100   1      }


MODULE INFORMATION:   STATIC OVERLAYABLE
   CODE SIZE        =    109    ----
   CONSTANT SIZE    =   ----    ----
   XDATA SIZE       =   ----    ----
   PDATA SIZE       =   ----    ----
   DATA SIZE        =   ----    ----
   IDATA SIZE       =   ----    ----
   BIT SIZE         =   ----    ----
END OF MODULE INFORMATION.


C51 COMPILATION COMPLETE.  0 WARNING(S),  0 ERROR(S)
