C51 COMPILER V9.54   KEY                                                                   10/15/2022 23:48:45 PAGE 1   


C51 COMPILER V9.54, COMPILATION OF MODULE KEY
OBJECT MODULE PLACED IN .\Objects\Key.obj
COMPILER INVOKED BY: E:\learning_51\keil5\C51\BIN\C51.EXE Key.c OPTIMIZE(8,SPEED) BROWSE DEBUG OBJECTEXTEND PRINT(.\List
                    -ings\Key.lst) TABS(2) OBJECT(.\Objects\Key.obj)

line level    source

   1          #include <REGX52.H>
   2          #include "Delay.H"
   3          
   4          unsigned char Key_KeyNum;
   5          
   6          unsigned char Key()
   7          {
   8   1        unsigned char temp;
   9   1        temp=Key_KeyNum;
  10   1        Key_KeyNum=0;
  11   1        return temp;
  12   1      }
  13          unsigned char Key_GetState()
  14          {
  15   1        unsigned char KeyNumber=0;
  16   1        if(P3_1==0)
  17   1        {
  18   2          KeyNumber=1;
  19   2        }
  20   1        if(P3_0==0)
  21   1        {
  22   2          KeyNumber=2;
  23   2        }
  24   1        if(P3_2==0)
  25   1        {
  26   2          KeyNumber=3;
  27   2        }
  28   1        if(P3_3==0)
  29   1        {
  30   2          KeyNumber=4;
  31   2        }
  32   1        return KeyNumber;
  33   1      }
  34          
  35          void Key_Loop()
  36          {
  37   1        static unsigned char NowState,LastState;
  38   1        LastState=NowState;
  39   1        NowState=Key_GetState();
  40   1        
  41   1        if(LastState==1&&NowState==0)
  42   1        {
  43   2          Key_KeyNum=1;
  44   2        }
  45   1        if(LastState==2&&NowState==0)
  46   1        {
  47   2          Key_KeyNum=2;
  48   2        }
  49   1        if(LastState==3&&NowState==0)
  50   1        {
  51   2          Key_KeyNum=3;
  52   2        }
  53   1        if(LastState==4&&NowState==0)
  54   1        {
C51 COMPILER V9.54   KEY                                                                   10/15/2022 23:48:45 PAGE 2   

  55   2          Key_KeyNum=4;
  56   2        }
  57   1      }


MODULE INFORMATION:   STATIC OVERLAYABLE
   CODE SIZE        =     85    ----
   CONSTANT SIZE    =   ----    ----
   XDATA SIZE       =   ----    ----
   PDATA SIZE       =   ----    ----
   DATA SIZE        =      3    ----
   IDATA SIZE       =   ----    ----
   BIT SIZE         =   ----    ----
END OF MODULE INFORMATION.


C51 COMPILATION COMPLETE.  0 WARNING(S),  0 ERROR(S)
