C51 COMPILER V9.54   MAIN                                                                  10/15/2022 23:48:03 PAGE 1   


C51 COMPILER V9.54, COMPILATION OF MODULE MAIN
OBJECT MODULE PLACED IN .\Objects\main.obj
COMPILER INVOKED BY: E:\learning_51\keil5\C51\BIN\C51.EXE main.c OPTIMIZE(8,SPEED) BROWSE DEBUG OBJECTEXTEND PRINT(.\Lis
                    -tings\main.lst) TABS(2) OBJECT(.\Objects\main.obj)

line level    source

   1          #include <REGX52.H>
   2          #include "Delay.h"
   3          #include "Key.h"
   4          #include "NixieTube.h"
   5          #include "AT24C02.h"
   6          #include "I2C.h"
   7          #include "Timer0.h"
   8          
   9          unsigned char KeyNum;
  10          unsigned char temp;
  11          unsigned char Min,Sec,MiniSec;
  12          unsigned char RunFlag;
  13          void main()
  14          {
  15   1        Timer0Init();
  16   1        while(1)
  17   1        {
  18   2          KeyNum=Key();
  19   2        if(KeyNum==1)
  20   2        {
  21   3          RunFlag=!RunFlag;
  22   3        }
  23   2        if(KeyNum==2)
  24   2        {
  25   3          Min=0;
  26   3          Sec=0;
  27   3          MiniSec=0;
  28   3        }
  29   2        if(KeyNum==3)
  30   2        {
  31   3          AT24C02_WriteByte(0,Min);
  32   3          Delay(5);
  33   3          AT24C02_WriteByte(1,Sec);
  34   3          Delay(5);
  35   3          AT24C02_WriteByte(2,MiniSec);
  36   3          Delay(5);
  37   3        }
  38   2        if(KeyNum==4)
  39   2        {
  40   3          Min=AT24C02_ReadByte(0);
  41   3          Sec=AT24C02_ReadByte(1);
  42   3          MiniSec=AT24C02_ReadByte(2);
  43   3        }
  44   2          NixieTube_SetBuf(8,Min/10);
  45   2          NixieTube_SetBuf(7,Min%10);
  46   2          NixieTube_SetBuf(6,11);
  47   2          NixieTube_SetBuf(5,Sec/10);
  48   2          NixieTube_SetBuf(4,Sec%10);
  49   2          NixieTube_SetBuf(3,11);
  50   2          NixieTube_SetBuf(2,MiniSec/10);
  51   2          NixieTube_SetBuf(1,MiniSec%10);
  52   2        }
  53   1      }
  54          void Sec_Loop()
C51 COMPILER V9.54   MAIN                                                                  10/15/2022 23:48:03 PAGE 2   

  55          {
  56   1        if(RunFlag)
  57   1        {
  58   2          MiniSec++;
  59   2          if(MiniSec>=100)
  60   2          {
  61   3            MiniSec=0;
  62   3            Sec++;
  63   3            if(Sec>=60)
  64   3            {
  65   4              Sec=0;
  66   4              Min++;
  67   4              if(Min>=60)
  68   4              {
  69   5                Min=0;
  70   5              }
  71   4            }
  72   3          }
  73   2        }
  74   1        
  75   1      }
  76          
  77          void Timer0_Rourine() interrupt 1
  78          {
  79   1        static unsigned int T0count1,T0count2,T0count3;
  80   1        TL0 = 0x66;   //设置定时初值
  81   1        TH0 = 0xFC;   //设置定时初值
  82   1        T0count1++;
  83   1        if(T0count1>=20)
  84   1        {
  85   2          T0count1=0;
  86   2          Key_Loop();
  87   2        }
  88   1        T0count2++;
  89   1        if(T0count2>=2)
  90   1        {
  91   2          T0count2=0;
  92   2          Nixie_Loop();
  93   2        }
  94   1        T0count3++;
  95   1        if(T0count3>=10)
  96   1        {
  97   2          T0count3=0;
  98   2          Sec_Loop();
  99   2        }
 100   1      }


MODULE INFORMATION:   STATIC OVERLAYABLE
   CODE SIZE        =    385    ----
   CONSTANT SIZE    =   ----    ----
   XDATA SIZE       =   ----    ----
   PDATA SIZE       =   ----    ----
   DATA SIZE        =     12    ----
   IDATA SIZE       =   ----    ----
   BIT SIZE         =   ----    ----
END OF MODULE INFORMATION.


C51 COMPILATION COMPLETE.  0 WARNING(S),  0 ERROR(S)
