C51 COMPILER V9.54   MAIN                                                                  09/27/2022 13:25:37 PAGE 1   


C51 COMPILER V9.54, COMPILATION OF MODULE MAIN
OBJECT MODULE PLACED IN .\Objects\main.obj
COMPILER INVOKED BY: E:\learning_51\keil5\C51\BIN\C51.EXE main.c OPTIMIZE(8,SPEED) BROWSE DEBUG OBJECTEXTEND PRINT(.\Lis
                    -tings\main.lst) TABS(2) OBJECT(.\Objects\main.obj)

line level    source

   1          #include <REGX52.H>
   2          #include<INTRINS.H>
   3          //延时函数
   4          void Delay(unsigned int xms)    //@11.0592MHz
   5          {
   6   1        unsigned char i, j;
   7   1      
   8   1        while(xms)
   9   1        {
  10   2          _nop_();
  11   2          i = 2;
  12   2          j = 199;
  13   2          do
  14   2          {
  15   3            while (--j);
  16   3          } while (--i);
  17   2          xms--;
  18   2        }
  19   1      }
  20          //主函数
  21          void main()
  22          {
  23   1        unsigned char LedNumber=0;
  24   1        P2=~0x01;
  25   1        while(1)
  26   1        {
  27   2          if(P3_1==0)
  28   2          {
  29   3            Delay(20);
  30   3            while(P3_1==0);
  31   3            Delay(20);
  32   3            if(LedNumber>8)
  33   3            {
  34   4              LedNumber=0;
  35   4            }
  36   3            LedNumber++;
  37   3            P2=~(0x01<<LedNumber);  //~(0000 0001)  1111 1110
  38   3          }
  39   2          
  40   2          if(P3_0==0)
  41   2          {
  42   3            Delay(20);
  43   3            while(P3_0==0);
  44   3            Delay(20);
  45   3            if(LedNumber==0)   //如果减到0 再减会越界 0->255
  46   3            {
  47   4              LedNumber=7;
  48   4            }
  49   3            else
  50   3            {
  51   4              LedNumber--;  
  52   4            }
  53   3            P2=~(0x01<<LedNumber);  //~(0000 0001)  1111 1110
  54   3          }
C51 COMPILER V9.54   MAIN                                                                  09/27/2022 13:25:37 PAGE 2   

  55   2        }
  56   1      }


MODULE INFORMATION:   STATIC OVERLAYABLE
   CODE SIZE        =    101    ----
   CONSTANT SIZE    =   ----    ----
   XDATA SIZE       =   ----    ----
   PDATA SIZE       =   ----    ----
   DATA SIZE        =   ----    ----
   IDATA SIZE       =   ----    ----
   BIT SIZE         =   ----    ----
END OF MODULE INFORMATION.


C51 COMPILATION COMPLETE.  0 WARNING(S),  0 ERROR(S)
