C51 COMPILER V9.54   MAIN                                                                  10/17/2022 20:15:12 PAGE 1   


C51 COMPILER V9.54, COMPILATION OF MODULE MAIN
OBJECT MODULE PLACED IN .\Objects\main.obj
COMPILER INVOKED BY: E:\learning_51\keil5\C51\BIN\C51.EXE main.c OPTIMIZE(8,SPEED) BROWSE DEBUG OBJECTEXTEND PRINT(.\Lis
                    -tings\main.lst) TABS(2) OBJECT(.\Objects\main.obj)

line level    source

   1          #include <REGX52.H>
   2          
   3          sbit LED=P2^0;
   4          void Delay(unsigned char xms)
   5          {
   6   1        while(xms--);
   7   1      }
   8          void main()
   9          {
  10   1        
  11   1        while(1)
  12   1        {
  13   2          unsigned char Time,i;
  14   2          for(Time=0;Time<100;Time++)
  15   2          {
  16   3            for(i=0;i<20;i++)
  17   3            {
  18   4              LED=0;
  19   4              Delay(Time);
  20   4              LED=1;
  21   4              Delay(100-Time);
  22   4            }
  23   3          }
  24   2        for(Time=100;Time>0;Time--)
  25   2          {
  26   3            for(i=0;i<20;i++)
  27   3            {
  28   4              LED=0;
  29   4              Delay(Time);
  30   4              LED=1;
  31   4              Delay(100-Time);
  32   4            }
  33   3          }
  34   2        }
  35   1      }


MODULE INFORMATION:   STATIC OVERLAYABLE
   CODE SIZE        =     78    ----
   CONSTANT SIZE    =   ----    ----
   XDATA SIZE       =   ----    ----
   PDATA SIZE       =   ----    ----
   DATA SIZE        =   ----       2
   IDATA SIZE       =   ----    ----
   BIT SIZE         =   ----    ----
END OF MODULE INFORMATION.


C51 COMPILATION COMPLETE.  0 WARNING(S),  0 ERROR(S)
