C51 COMPILER V9.54   MAIN                                                                  10/07/2022 19:56:25 PAGE 1   


C51 COMPILER V9.54, COMPILATION OF MODULE MAIN
OBJECT MODULE PLACED IN .\Objects\main.obj
COMPILER INVOKED BY: E:\learning_51\keil5\C51\BIN\C51.EXE main.c OPTIMIZE(8,SPEED) BROWSE DEBUG OBJECTEXTEND PRINT(.\Lis
                    -tings\main.lst) TABS(2) OBJECT(.\Objects\main.obj)

line level    source

   1          #include <REGX52.H>
   2          #include "Timer0.h"
   3          #include "Key.h"
   4          #include <INTRINS.h>
   5          
   6          unsigned char keyNum,LEDMode;
   7          void main()
   8          {
   9   1        P2=0xFE;  //设置初始亮灯的位置
  10   1        Timer0Init();   //定时器零初始化
  11   1        while(1)
  12   1        {
  13   2          keyNum=Key();  //获取按键所对应的键码
  14   2          if(keyNum)
  15   2          {
  16   3            if(keyNum==1)
  17   3            {
  18   4              LEDMode++;
  19   4              if(LEDMode>=2)LEDMode=0;
  20   4            }
  21   3          }
  22   2        }
  23   1      }
  24          
  25          
  26          void Timer0_Rourine() interrupt 1
  27          {
  28   1        static unsigned int T0count;
  29   1        TL0 = 0x66;   //设置定时初值
  30   1        TH0 = 0xFC;   //设置定时初值
  31   1        T0count++;
  32   1        if(T0count>=500)
  33   1        {
  34   2          T0count=0;
  35   2          if(LEDMode==0)
  36   2            P2=_crol_(P2,1);
  37   2          if(LEDMode==1)
  38   2            P2=_cror_(P2,1);
  39   2        }
  40   1      }


MODULE INFORMATION:   STATIC OVERLAYABLE
   CODE SIZE        =    116    ----
   CONSTANT SIZE    =   ----    ----
   XDATA SIZE       =   ----    ----
   PDATA SIZE       =   ----    ----
   DATA SIZE        =      4    ----
   IDATA SIZE       =   ----    ----
   BIT SIZE         =   ----    ----
END OF MODULE INFORMATION.


C51 COMPILATION COMPLETE.  0 WARNING(S),  0 ERROR(S)
