C51 COMPILER V9.54   TIMER0                                                                10/06/2022 22:00:27 PAGE 1   


C51 COMPILER V9.54, COMPILATION OF MODULE TIMER0
OBJECT MODULE PLACED IN .\Objects\Timer0.obj
COMPILER INVOKED BY: E:\learning_51\keil5\C51\BIN\C51.EXE Timer0.c OPTIMIZE(8,SPEED) BROWSE DEBUG OBJECTEXTEND PRINT(.\L
                    -istings\Timer0.lst) TABS(2) OBJECT(.\Objects\Timer0.obj)

line level    source

   1          #include <REGX52.H>
   2          
   3          //配置定时器0的寄存器
   4          //手动配置
   5          void Timer0_Init()
   6          {
   7   1        TMOD&=0xF0;  //选定模式1 M1 M0->0 1
   8   1        TMOD|=0x01;
   9   1        
  10   1        TF0=0;
  11   1        TR0=1;  //定时器0是否开启
  12   1        
  13   1        TH0=64535/256;
  14   1        TL0=64535%256;
  15   1        
  16   1        ET0=1;
  17   1        EA=1;
  18   1        PT0=0;
  19   1      }
  20          
  21          //STC软件自动生成
  22          /**
  23            * @brief 定时器0初始化  1000微秒@12.0000MHz
  24            * @param  无
  25            * @retval 无
  26            */
  27          void Timer0Init(void)   
  28          {
  29   1        //AUXR &= 0x7F;   //定时器时钟12T模式
  30   1        TMOD &= 0xF0;   //设置定时器模式
  31   1        TMOD |= 0x01;   //设置定时器模式   模式1
  32   1      
  33   1        TL0 = 0x66;   //设置定时初值
  34   1        TH0 = 0xFC;   //设置定时初值
  35   1        
  36   1        TF0 = 0;    //清除TF0标志
  37   1        TR0 = 1;    //定时器0开始计时
  38   1        
  39   1        ET0=1;   //中断
  40   1        EA=1;
  41   1        PT0=0;
  42   1      }
  43          
  44          
  45          //中断函数
  46          /*void Timer0_Rourine() interrupt 1
  47          {
  48            static unsigned int T0count;
  49            TL0 = 0x66;   //设置定时初值
  50            TH0 = 0xFC;   //设置定时初值
  51            T0count++;
  52            if(T0count>=1000)
  53            {
  54              T0count=0;
C51 COMPILER V9.54   TIMER0                                                                10/06/2022 22:00:27 PAGE 2   

  55              P2_0=~P2_0;
  56            }
  57          }*/


MODULE INFORMATION:   STATIC OVERLAYABLE
   CODE SIZE        =     46    ----
   CONSTANT SIZE    =   ----    ----
   XDATA SIZE       =   ----    ----
   PDATA SIZE       =   ----    ----
   DATA SIZE        =   ----    ----
   IDATA SIZE       =   ----    ----
   BIT SIZE         =   ----    ----
END OF MODULE INFORMATION.


C51 COMPILATION COMPLETE.  0 WARNING(S),  0 ERROR(S)
