C51 COMPILER V9.54   MAIN                                                                  09/27/2022 12:53:22 PAGE 1   


C51 COMPILER V9.54, COMPILATION OF MODULE MAIN
OBJECT MODULE PLACED IN .\Objects\main.obj
COMPILER INVOKED BY: E:\learning_51\keil5\C51\BIN\C51.EXE main.c OPTIMIZE(8,SPEED) BROWSE DEBUG OBJECTEXTEND PRINT(.\Lis
                    -tings\main.lst) TABS(2) OBJECT(.\Objects\main.obj)

line level    source

   1          #include <REGX52.H>
   2          #include<INTRINS.H>
   3          //延时函数
   4          void Delay(unsigned int xms)    //@11.0592MHz
   5          {
   6   1        unsigned char i, j;
   7   1      
   8   1        while(xms)
   9   1        {
  10   2          _nop_();
  11   2        i = 2;
  12   2        j = 199;
  13   2        do
  14   2        {
  15   3          while (--j);
  16   3        } while (--i);
  17   2        xms--;
  18   2        }
  19   1      }
  20          
  21          //主函数
  22          void main()
  23          {
  24   1        unsigned char LedNumber=0;
  25   1        while(1)
  26   1        {
  27   2          if(P3_1==0)
  28   2          {
  29   3            Delay(20);
  30   3            while(P3_1==0);  //检测松手
  31   3            Delay(20);
  32   3            // 1111 1111
  33   3            //1.可以直接P2-- 可以显示二进制变化
  34   3            //P2--;  //1111 1110 依次递减 到25次之后默认回0
  35   3            
  36   3            //2.采用变量来
  37   3            LedNumber++;   //0000 0001
  38   3            P2=~NUMber++;  //P2 = 1111 1110  LEd1就点亮了
*** ERROR C202 IN LINE 38 OF main.c: 'NUMber': undefined identifier
  39   3          }
  40   2        }
  41   1      }

C51 COMPILATION COMPLETE.  0 WARNING(S),  1 ERROR(S)
