C51 COMPILER V9.54   MAIN                                                                  09/28/2022 18:54:07 PAGE 1   


C51 COMPILER V9.54, COMPILATION OF MODULE MAIN
OBJECT MODULE PLACED IN .\Objects\main.obj
COMPILER INVOKED BY: E:\learning_51\keil5\C51\BIN\C51.EXE main.c OPTIMIZE(8,SPEED) BROWSE DEBUG OBJECTEXTEND PRINT(.\Lis
                    -tings\main.lst) TABS(2) OBJECT(.\Objects\main.obj)

line level    source

   1          #include <REGX52.H>
   2          #include "LCD1602.H"
   3          #include "Delay.H"
   4          int result=0;
   5          void main()
   6          {
   7   1        LCD_Init();  //LCD使用前初始化
   8   1        /*
   9   1        //LCD_ShowChar(1,1,'c');   //显示一个字符串
  10   1        LCD_ShowString(1,1,"cxw");
  11   1        LCD_ShowString(1,4,"Hello");
  12   1        LCD_ShowNum(2,1,250,3);   //显示一个数字
  13   1        LCD_ShowSignedNum(2,5,-123,3);   //显示有符号的数字
  14   1        LCD_ShowHexNum(2,10,0xA8,2);
  15   1        LCD_ShowBinNum(1,9,0xFF,8);  //0xFF 1111 1111 ->显示8位
  16   1        */
  17   1        
  18   1        //LCD可以验证结果
  19   1        /*result=1+1;
  20   1        LCD_ShowNum(1,1,result,3);*/
  21   1        while(1)
  22   1        {
  23   2          //验证延时
  24   2          result=result+2;
  25   2          Delay(1000);
  26   2          LCD_ShowNum(1,1,result,3);
  27   2        }  
  28   1      }


MODULE INFORMATION:   STATIC OVERLAYABLE
   CODE SIZE        =     35    ----
   CONSTANT SIZE    =   ----    ----
   XDATA SIZE       =   ----    ----
   PDATA SIZE       =   ----    ----
   DATA SIZE        =      2    ----
   IDATA SIZE       =   ----    ----
   BIT SIZE         =   ----    ----
END OF MODULE INFORMATION.


C51 COMPILATION COMPLETE.  0 WARNING(S),  0 ERROR(S)
