C51 COMPILER V9.54   MATRIX                                                                09/29/2022 18:26:55 PAGE 1   


C51 COMPILER V9.54, COMPILATION OF MODULE MATRIX
OBJECT MODULE PLACED IN .\Objects\Matrix.obj
COMPILER INVOKED BY: E:\learning_51\keil5\C51\BIN\C51.EXE Matrix.c OPTIMIZE(8,SPEED) BROWSE DEBUG OBJECTEXTEND PRINT(.\L
                    -istings\Matrix.lst) TABS(2) OBJECT(.\Objects\Matrix.obj)

line level    source

   1          //矩阵按键
   2          #include <REGX52.H>
   3          #include "Delay.h"
   4          
   5          
   6          /**
   7            * @brief  矩阵按键读取用户按下键码 按行扫描
   8            * @param  无
   9            * @retval KeyNumber 返回按下按键的数字 如按下 s1返回1
  10            如果按住按键不放，程序会停留在此函数，松手的一瞬间，返回按下的键码，
             -有按键按下时，默认为0。
  11            */
  12          unsigned char Matrix()
  13          {
  14   1        unsigned char KeyNumber=0;  //这里要注意
  15   1        //按行扫描
  16   1        P1=0xFF;  //给P1口全部置高电平
  17   1        P1_7=0;  //第一行
  18   1        
  19   1        if(P1_3==0)//第一列  也就是第一个按键
  20   1        { Delay(200);  //延时20ms
  21   2          while(P1_3==0);  //检测松手
  22   2          Delay(200);
  23   2          KeyNumber=1;
  24   2        } 
  25   1        if(P1_2==0)//第一列  也就是第一个按键
  26   1        { Delay(200);  //延时20ms
  27   2          while(P1_3==0);  //检测松手
  28   2          Delay(200);
  29   2          KeyNumber=2;
  30   2        } 
  31   1        if(P1_1==0)//第一列  也就是第一个按键
  32   1        { Delay(200);  //延时20ms
  33   2          while(P1_3==0);  //检测松手
  34   2          Delay(200);
  35   2          KeyNumber=3;
  36   2        } 
  37   1        if(P1_0==0)//第一列  也就是第一个按键
  38   1        { Delay(200);  //延时20ms
  39   2          while(P1_3==0);  //检测松手
  40   2          Delay(200);
  41   2          KeyNumber=4;
  42   2        } 
  43   1        
  44   1        //第二行
  45   1        P1=0xFF;  //给P1口全部置高电平
  46   1        P1_6=0;  //第一行
  47   1        
  48   1        if(P1_3==0)//第一列  也就是第一个按键
  49   1        { Delay(200);  //延时20ms
  50   2          while(P1_3==0);  //检测松手
  51   2          Delay(200);
  52   2          KeyNumber=5;
  53   2        } 
C51 COMPILER V9.54   MATRIX                                                                09/29/2022 18:26:55 PAGE 2   

  54   1        if(P1_2==0)//第一列  也就是第一个按键
  55   1        { Delay(200);  //延时20ms
  56   2          while(P1_2==0);  //检测松手
  57   2          Delay(200);
  58   2          KeyNumber=6;
  59   2        } 
  60   1        if(P1_1==0)//第一列  也就是第一个按键
  61   1        { Delay(200);  //延时20ms
  62   2          while(P1_1==0);  //检测松手
  63   2          Delay(200);
  64   2          KeyNumber=7;
  65   2        } 
  66   1        if(P1_0==0)//第一列  也就是第一个按键
  67   1        { Delay(200);  //延时20ms
  68   2          while(P1_0==0);  //检测松手
  69   2          Delay(200);
  70   2          KeyNumber=8;
  71   2        } 
  72   1        
  73   1        //第三行
  74   1        P1=0xFF;  //给P1口全部置高电平
  75   1        P1_5=0;  //第一行
  76   1        
  77   1        if(P1_3==0)//第一列  也就是第一个按键
  78   1        { Delay(200);  //延时20ms
  79   2          while(P1_3==0);  //检测松手
  80   2          Delay(200);
  81   2          KeyNumber=9;
  82   2        } 
  83   1        if(P1_2==0)//第一列  也就是第一个按键
  84   1        { Delay(200);  //延时20ms
  85   2          while(P1_2==0);  //检测松手
  86   2          Delay(200);
  87   2          KeyNumber=10;
  88   2        } 
  89   1        if(P1_1==0)//第一列  也就是第一个按键
  90   1        { Delay(200);  //延时20ms
  91   2          while(P1_1==0);  //检测松手
  92   2          Delay(200);
  93   2          KeyNumber=11;
  94   2        } 
  95   1        if(P1_0==0)//第一列  也就是第一个按键
  96   1        { Delay(200);  //延时20ms
  97   2          while(P1_0==0);  //检测松手
  98   2          Delay(200);
  99   2          KeyNumber=12;
 100   2        } 
 101   1        
 102   1        //第四行
 103   1        P1=0xFF;  //给P1口全部置高电平
 104   1        P1_4=0;  //第一行
 105   1        
 106   1        if(P1_3==0)//第一列  也就是第一个按键
 107   1        { Delay(200);  //延时20ms
 108   2          while(P1_3==0);  //检测松手
 109   2          Delay(200);
 110   2          KeyNumber=13;
 111   2        } 
 112   1        if(P1_2==0)//第一列  也就是第一个按键
 113   1        { Delay(200);  //延时20ms
 114   2          while(P1_2==0);  //检测松手
 115   2          Delay(200);
C51 COMPILER V9.54   MATRIX                                                                09/29/2022 18:26:55 PAGE 3   

 116   2          KeyNumber=14;
 117   2        } 
 118   1        if(P1_1==0)//第一列  也就是第一个按键
 119   1        { Delay(200);  //延时20ms
 120   2          while(P1_1==0);  //检测松手
 121   2          Delay(200);
 122   2          KeyNumber=15;
 123   2        } 
 124   1        if(P1_0==0)//第一列  也就是第一个按键
 125   1        { Delay(200);  //延时20ms
 126   2          while(P1_0==0);  //检测松手
 127   2          Delay(200);
 128   2          KeyNumber=16;
 129   2        } 
 130   1        return KeyNumber;
 131   1      }


MODULE INFORMATION:   STATIC OVERLAYABLE
   CODE SIZE        =    330    ----
   CONSTANT SIZE    =   ----    ----
   XDATA SIZE       =   ----    ----
   PDATA SIZE       =   ----    ----
   DATA SIZE        =   ----       1
   IDATA SIZE       =   ----    ----
   BIT SIZE         =   ----    ----
END OF MODULE INFORMATION.


C51 COMPILATION COMPLETE.  0 WARNING(S),  0 ERROR(S)
