C51 COMPILER V9.54   DS1302                                                                10/13/2022 13:48:27 PAGE 1   


C51 COMPILER V9.54, COMPILATION OF MODULE DS1302
OBJECT MODULE PLACED IN .\Objects\DS1302.obj
COMPILER INVOKED BY: E:\learning_51\keil5\C51\BIN\C51.EXE DS1302.c OPTIMIZE(8,SPEED) BROWSE DEBUG OBJECTEXTEND PRINT(.\L
                    -istings\DS1302.lst) TABS(2) OBJECT(.\Objects\DS1302.obj)

line level    source

   1          #include <REGX52.H>
   2          
   3          //DS1302引脚定义
   4          sbit DS1302_SCLK=P3^6;
   5          sbit DS1302_IO=P3^4;
   6          sbit DS1302_CE=P3^5;
   7          
   8          //寄存器读写地址定义
   9          #define DS1302_SECOND_WRITE  0x80     //秒
  10          #define DS1302_SECOND_READ   0x81  
  11          #define DS1302_MIN_WRITE     0x82   //分
  12          #define DS1302_MIN_READ      0x83
  13          #define DS1302_HOUR_WRITE    0x84   //时
  14          #define DS1302_HOUR_READ     0x85
  15          #define DS1302_DATE_WRITE    0x86   //日
  16          #define DS1302_DATE_READ     0x87
  17          #define DS1302_MONTH_WRITE   0x88   //月
  18          #define DS1302_MONTH_READ    0x89
  19          #define DS1302_DAY_WRITE     0x8A   //星期几
  20          #define DS1302_DAY_READ      0x8B
  21          #define DS1302_YEAR_WRITE    0x8C //年
  22          #define DS1302_YEAR_READ     0x8D
  23          #define DS1302_WP            0x8E   //写入保护
  24          
  25          //时间数组  年-月-日-时-分-秒-星期几
  26          char DS1302Time[]={22,10,12,16,05,55,3};   //2022-10-10-16:59-3week
  27          
  28          /**
  29            * @brief DS1302初始化
  30            * @param  无
  31            * @retval 无
  32            */
  33          void DS1302_Init()
  34          {
  35   1        DS1302_CE=0;
  36   1        DS1302_SCLK=0;
  37   1      }
  38          
  39          /**
  40            * @brief 向DS1302写入一个字节
  41            * @param  command 写入的命令字或地址
  42            * @param  Date    写入的数据
  43            * @retval 无
  44            */
  45          void DS1302_WriteByte(unsigned char command,unsigned char Data)  //命令字  数据 写操作
  46          {
  47   1        unsigned char i;
  48   1        DS1302_CE=1;  //CE置1 可以读取数据
  49   1        
  50   1        for(i=0;i<8;i++)  //将command的八位都读进IO口
  51   1        {
  52   2        DS1302_IO=(command&0x01<<i);  //取出command的第一位
  53   2        DS1302_SCLK=1;   //一个上升沿
  54   2        DS1302_SCLK=0;
C51 COMPILER V9.54   DS1302                                                                10/13/2022 13:48:27 PAGE 2   

  55   2        }
  56   1        
  57   1        for(i=0;i<8;i++)  //将Data的八位都读进IO口
  58   1        {
  59   2        DS1302_IO=(Data&0x01<<i);  //取出command的第一位
  60   2        DS1302_SCLK=1;   //一个上升沿
  61   2        DS1302_SCLK=0;
  62   2        }
  63   1        
  64   1        DS1302_CE=0;  //读取数据完成  
  65   1      }
  66          
  67          /**
  68            * @brief DS1302读一个字节
  69            * @param  command 命令字或者地址
  70            * @retval 读取的字节数据
  71            */
  72          unsigned char DS1302_ReadByte(unsigned char command)//读操作
  73          {
  74   1        unsigned char i,Data=0x00;
  75   1        DS1302_CE=1;  //CE置1 可以读取数据
  76   1        //command|=0x01;  //读到的命令 最后一位置1 也就是直接
  77   1        for(i=0;i<8;i++)  //将command的八位都读进IO口
  78   1        {
  79   2        DS1302_IO=command&(0x01<<i);  //取出command的第一位
  80   2        DS1302_SCLK=0;  //改变电平状态
  81   2        DS1302_SCLK=1;
  82   2        }
  83   1        
  84   1        //读取DS1302里的数据，输出给IO口
  85   1        for(i=0;i<8;i++)
  86   1        {
  87   2        DS1302_SCLK=1;  //改变电平状态
  88   2        DS1302_SCLK=0;
  89   2        if(DS1302_IO){Data|=(0x01<<i);}
  90   2        }
  91   1        DS1302_CE=0;
  92   1        DS1302_IO=0;  //读取后将IO设置为0，否则读出的数据会出错
  93   1        return Data;
  94   1      }
  95          
  96          /**
  97            * @brief 设置时间  向DS1302写操作 调用之后，DS1302_Time数组的数字会被设置到DS1302
             -中
  98            * @param  无
  99            * @retval 无
 100            */
 101          void DS1302_SetTime()
 102          {
 103   1        DS1302_WriteByte(DS1302_WP,0x00);  
 104   1        //解除芯片写入保护  如果读出时间为一个大于59并且不动的数，芯片很有可能处
             -于写保护状态
 105   1        DS1302_WriteByte(DS1302_DAY_WRITE,DS1302Time[6]/10*16+DS1302Time[6]%10);  //读取的是BCD码
 106   1        DS1302_WriteByte(DS1302_SECOND_WRITE,DS1302Time[5]/10*16+DS1302Time[5]%10);
 107   1        DS1302_WriteByte(DS1302_MIN_WRITE,DS1302Time[4]/10*16+DS1302Time[4]%10);
 108   1        DS1302_WriteByte(DS1302_HOUR_WRITE,DS1302Time[3]/10*16+DS1302Time[3]%10);
 109   1        DS1302_WriteByte(DS1302_DATE_WRITE,DS1302Time[2]/10*16+DS1302Time[2]%10);
 110   1        DS1302_WriteByte(DS1302_MONTH_WRITE,DS1302Time[1]/10*16+DS1302Time[1]%10);
 111   1        DS1302_WriteByte(DS1302_YEAR_WRITE,DS1302Time[0]/10*16+DS1302Time[0]%10);
 112   1        DS1302_WriteByte(DS1302_WP,0x80);
 113   1        
 114   1        /*
C51 COMPILER V9.54   DS1302                                                                10/13/2022 13:48:27 PAGE 3   

 115   1        DS1302_WriteByte(0x8E,0x00);  //解除芯片写入保护  如果读出时间为一个大于59并且不动
             -的数，芯片很有可能处于写保护状态
 116   1        DS1302_WriteByte(0x80,0x55);  //对秒进行写入
 117   1        //写入的数是以bcd码来进位 最后显示时会转换为十进制  0000 1001  9 -> 0001 0000 10(d)
             -  ->16
 118   1        DS1302_WriteByte(0x82,0x59);  //对分钟进行写入
 119   1        DS1302_WriteByte(0x84,0x08);  //对小时进行写入
 120   1        */
 121   1      }
 122          
 123          
 124          /**
 125            * @brief 读取时间  向DS1302读操作 调用之后，DS1302_Time数组的数字会被读取到DS1302
             -中
 126            * @param  无
 127            * @retval 无
 128            */
 129          void DS1302_ReadTime()
 130          {
 131   1        unsigned char temp;
 132   1        
 133   1        temp=DS1302_ReadByte(DS1302_YEAR_READ);
 134   1        DS1302Time[0]=temp/16*10+temp%16;
 135   1        
 136   1        temp=DS1302_ReadByte(DS1302_MONTH_READ);
 137   1        DS1302Time[1]=temp/16*10+temp%16;
 138   1        
 139   1        temp=DS1302_ReadByte(DS1302_DATE_READ);
 140   1        DS1302Time[2]=temp/16*10+temp%16;
 141   1        
 142   1        temp=DS1302_ReadByte(DS1302_HOUR_READ);
 143   1        DS1302Time[3]=temp/16*10+temp%16;
 144   1        
 145   1        temp=DS1302_ReadByte(DS1302_MIN_READ);
 146   1        DS1302Time[4]=temp/16*10+temp%16;
 147   1        
 148   1        temp=DS1302_ReadByte(DS1302_SECOND_READ);
 149   1        DS1302Time[5]=temp/16*10+temp%16;
 150   1        
 151   1        temp=DS1302_ReadByte(DS1302_DAY_READ);
 152   1        DS1302Time[6]=temp/16*10+temp%16;
 153   1      }


MODULE INFORMATION:   STATIC OVERLAYABLE
   CODE SIZE        =    526    ----
   CONSTANT SIZE    =   ----    ----
   XDATA SIZE       =   ----    ----
   PDATA SIZE       =   ----    ----
   DATA SIZE        =      7    ----
   IDATA SIZE       =   ----    ----
   BIT SIZE         =   ----    ----
END OF MODULE INFORMATION.


C51 COMPILATION COMPLETE.  0 WARNING(S),  0 ERROR(S)
