C51 COMPILER V9.54   KEY                                                                   10/12/2022 16:34:37 PAGE 1   


C51 COMPILER V9.54, COMPILATION OF MODULE KEY
OBJECT MODULE PLACED IN .\Objects\Key.obj
COMPILER INVOKED BY: E:\learning_51\keil5\C51\BIN\C51.EXE Key.c OPTIMIZE(8,SPEED) BROWSE DEBUG OBJECTEXTEND PRINT(.\List
                    -ings\Key.lst) TABS(2) OBJECT(.\Objects\Key.obj)

line level    source

   1          #include <REGX52.H>
   2          #include "Delay.H"
   3          
   4          /**
   5            * @brief 获取独立按键的键码
   6            * @param  无
   7            * @retval 按下按键，范围0-4 ，无按键按下时返回值为0
   8            */
   9          unsigned char Key()
  10          {
  11   1        unsigned char KeyNumber=0;
  12   1        if(P3_1==0)
  13   1        {
  14   2          Delay(20);
  15   2          while(P3_1==0);
  16   2          Delay(20);
  17   2          KeyNumber=1;
  18   2        }
  19   1        if(P3_0==0)
  20   1        {
  21   2          Delay(20);
  22   2          while(P3_0==0);
  23   2          Delay(20);
  24   2          KeyNumber=2;
  25   2        }
  26   1        if(P3_2==0)
  27   1        {
  28   2          Delay(20);
  29   2          while(P3_2==0);
  30   2          Delay(20);
  31   2          KeyNumber=3;
  32   2        }
  33   1        if(P3_3==0)
  34   1        {
  35   2          Delay(20);
  36   2          while(P3_3==0);
  37   2          Delay(20);
  38   2          KeyNumber=4;
  39   2        }
  40   1        return KeyNumber;
  41   1      }


MODULE INFORMATION:   STATIC OVERLAYABLE
   CODE SIZE        =     82    ----
   CONSTANT SIZE    =   ----    ----
   XDATA SIZE       =   ----    ----
   PDATA SIZE       =   ----    ----
   DATA SIZE        =   ----       1
   IDATA SIZE       =   ----    ----
   BIT SIZE         =   ----    ----
END OF MODULE INFORMATION.


C51 COMPILATION COMPLETE.  0 WARNING(S),  0 ERROR(S)
