C51 COMPILER V9.54   MAIN                                                                  10/13/2022 14:26:10 PAGE 1   


C51 COMPILER V9.54, COMPILATION OF MODULE MAIN
OBJECT MODULE PLACED IN .\Objects\main.obj
COMPILER INVOKED BY: E:\learning_51\keil5\C51\BIN\C51.EXE main.c OPTIMIZE(8,SPEED) BROWSE DEBUG OBJECTEXTEND PRINT(.\Lis
                    -tings\main.lst) TABS(2) OBJECT(.\Objects\main.obj)

line level    source

   1          #include <REGX52.H>
   2          #include "LCD1602.h"
   3          #include "DS1302.h"
   4          #include "Delay.h"
   5          #include "Key.h"
   6          #include "Timer0.h"
   7          
   8          unsigned char KeyNum,MODE,TimeSetSelect,TimeSetFlashFlag;
   9          
  10          void TimerShow()
  11          {
  12   1        DS1302_ReadTime();
  13   1        LCD_ShowNum(1,1,DS1302Time[0],2); 
  14   1        LCD_ShowNum(1,4,DS1302Time[1],2); 
  15   1        LCD_ShowNum(1,7,DS1302Time[2],2);
  16   1        LCD_ShowNum(2,1,DS1302Time[3],2); 
  17   1        LCD_ShowNum(2,4,DS1302Time[4],2); 
  18   1        LCD_ShowNum(2,7,DS1302Time[5],2);   //把BCD码转换为十进制
  19   1          //Delay(500);
  20   1      }
  21          void TimerSet()
  22          {
  23   1        if(KeyNum==2)  //选择修改位操作
  24   1        {
  25   2          TimeSetSelect++;
  26   2          TimeSetSelect%=6;   //TimeSetSelect>5 清零
  27   2        }
  28   1        if(KeyNum==3)  //加操作
  29   1        {
  30   2          DS1302Time[TimeSetSelect]++;
  31   2          if(DS1302Time[0]>99){DS1302Time[0]=0;}  //年越界判断
  32   2          if(DS1302Time[1]>12){DS1302Time[1]=1;}  //月 
  33   2          
  34   2          //判断日是否越界
  35   2          if(DS1302Time[1]==1||DS1302Time[1]==3||DS1302Time[1]==5||DS1302Time[1]==7||
  36   2                DS1302Time[1]==8||DS1302Time[1]==10||DS1302Time[1]==12)
  37   2          {
  38   3          if(DS1302Time[2]>31){DS1302Time[2]=1;}   //31天的月份
  39   3          }  
  40   2          else if(DS1302Time[1]==3||DS1302Time[1]==4||DS1302Time[1]==6||DS1302Time[1]==9||
  41   2            DS1302Time[1]==11)
  42   2          {
  43   3          if(DS1302Time[2]>30){DS1302Time[2]=1;}   //30天的月份
  44   3          }
  45   2          else if(DS1302Time[1]==2)
  46   2          {
  47   3            if(DS1302Time[0]%4==0&&DS1302Time[0]%100!=0)
  48   3            {
  49   4              if(DS1302Time[2]>29){DS1302Time[2]=1;}  //闰年2月29天
  50   4            }
  51   3            else
  52   3            {
  53   4              if(DS1302Time[2]>28){DS1302Time[2]=1;}  //非闰年2月28天
  54   4            }
C51 COMPILER V9.54   MAIN                                                                  10/13/2022 14:26:10 PAGE 2   

  55   3          }
  56   2          
  57   2          if(DS1302Time[3]>23){DS1302Time[3]=0;}  //小时越界判断
  58   2          if(DS1302Time[4]>59){DS1302Time[4]=0;}  //分钟越界判断
  59   2          if(DS1302Time[5]>59){DS1302Time[5]=0;}  //秒越界判断
  60   2        }
  61   1        if(KeyNum==4)  //减操作
  62   1        {
  63   2          DS1302Time[TimeSetSelect]--;
  64   2              if(DS1302Time[0]<0){DS1302Time[0]=99;}  //年越界判断
  65   2          if(DS1302Time[1]<1){DS1302Time[1]=12;}  //月 
  66   2          
  67   2          //判断日是否越界
  68   2          if(DS1302Time[1]==1||DS1302Time[1]==3||DS1302Time[1]==5||DS1302Time[1]==7||
  69   2                DS1302Time[1]==8||DS1302Time[1]==10||DS1302Time[1]==12)
  70   2          {
  71   3          if(DS1302Time[2]<1){DS1302Time[2]=31;}   //31天的月份
  72   3          if(DS1302Time[2]>31){DS1302Time[2]=1;}
  73   3          }  
  74   2          else if(DS1302Time[1]==3||DS1302Time[1]==4||DS1302Time[1]==6||DS1302Time[1]==9||
  75   2            DS1302Time[1]==11)
  76   2          {
  77   3          if(DS1302Time[2]<1){DS1302Time[2]=30;}   //30天的月份
  78   3          if(DS1302Time[2]>30){DS1302Time[2]=1;} 
  79   3          }
  80   2          else if(DS1302Time[1]==2)
  81   2          {
  82   3            if(DS1302Time[0]%4==0&&DS1302Time[0]%100!=0)
  83   3            {
  84   4              if(DS1302Time[2]<1){DS1302Time[2]=29;}  //闰年2月29天
  85   4              if(DS1302Time[2]>29){DS1302Time[2]=1;} 
  86   4            }
  87   3            else
  88   3            {
  89   4              if(DS1302Time[2]<1){DS1302Time[2]=28;}  //非闰年2月28天
  90   4              if(DS1302Time[2]>28){DS1302Time[2]=1;} 
  91   4            }
  92   3          }
  93   2          
  94   2          if(DS1302Time[3]<0){DS1302Time[3]=23;}  //小时越界判断
  95   2          if(DS1302Time[4]<0){DS1302Time[4]=59;}  //分钟越界判断
  96   2          if(DS1302Time[5]<0){DS1302Time[5]=59;}
  97   2        }
  98   1        //更新显示
  99   1        if(TimeSetSelect==0&&TimeSetFlashFlag==1){LCD_ShowString(1,1,"  ");}
 100   1        else{LCD_ShowNum(1,1,DS1302Time[0],2);}
 101   1        
 102   1        if(TimeSetSelect==1&&TimeSetFlashFlag==1){LCD_ShowString(1,4,"  ");}
 103   1        else{LCD_ShowNum(1,4,DS1302Time[1],2);}
 104   1        
 105   1        if(TimeSetSelect==2&&TimeSetFlashFlag==1){LCD_ShowString(1,7,"  ");}
 106   1        else{LCD_ShowNum(1,7,DS1302Time[2],2);}
 107   1        
 108   1        if(TimeSetSelect==3&&TimeSetFlashFlag==1){LCD_ShowString(2,1,"  ");}
 109   1        else{LCD_ShowNum(2,1,DS1302Time[3],2);}
 110   1        
 111   1        if(TimeSetSelect==4&&TimeSetFlashFlag==1){LCD_ShowString(2,4,"  ");}
 112   1        else{LCD_ShowNum(2,4,DS1302Time[4],2);}
 113   1      
 114   1        if(TimeSetSelect==5&&TimeSetFlashFlag==1){LCD_ShowString(2,7,"  ");}
 115   1        else{LCD_ShowNum(2,7,DS1302Time[5],2);}
 116   1        
C51 COMPILER V9.54   MAIN                                                                  10/13/2022 14:26:10 PAGE 3   

 117   1          
 118   1        
 119   1        LCD_ShowNum(2,10,TimeSetSelect,2);
 120   1        LCD_ShowNum(2,13,TimeSetFlashFlag,2);
 121   1      }
 122          
 123          void main()  //主函数
 124          {
 125   1        LCD_Init();
 126   1        DS1302_Init();
 127   1        Timer0Init();
 128   1        LCD_ShowString(1,1,"  -  -");
 129   1        LCD_ShowString(2,1,"  :  :");
 130   1        DS1302_SetTime();
 131   1        
 132   1        while(1)
 133   1        {
 134   2          KeyNum=Key();
 135   2          if(KeyNum==1)  //按下key1 改变模式 0-> 时间显示模式  1-> 时间修改模式
 136   2          {
 137   3            if(MODE==0){MODE=1;TimeSetSelect=0;}
 138   3            else if(MODE==1){MODE=0;DS1302_SetTime();}
 139   3          }
 140   2          switch(MODE)
 141   2          {
 142   3            case 0: TimerShow(); break;
 143   3            case 1: TimerSet(); break;
 144   3          }
 145   2        }
 146   1      }
 147          
 148          
 149          void Timer0_Rourine() interrupt 1
 150          {
 151   1        static unsigned int T0count;
 152   1        TL0 = 0x66;   //设置定时初值
 153   1        TH0 = 0xFC;   //设置定时初值
 154   1        T0count++;
 155   1        if(T0count>=500)
 156   1        {
 157   2          T0count=0;
 158   2          TimeSetFlashFlag=!TimeSetFlashFlag;
 159   2          //!逻辑取反  1->0  0->1
 160   2          //~按位取反  0xFF->0x00  0xFE->0x01
 161   2        }
 162   1      }


MODULE INFORMATION:   STATIC OVERLAYABLE
   CODE SIZE        =   1042    ----
   CONSTANT SIZE    =     17    ----
   XDATA SIZE       =   ----    ----
   PDATA SIZE       =   ----    ----
   DATA SIZE        =      6    ----
   IDATA SIZE       =   ----    ----
   BIT SIZE         =   ----    ----
END OF MODULE INFORMATION.


C51 COMPILATION COMPLETE.  0 WARNING(S),  0 ERROR(S)
