C51 COMPILER V9.54   INT0                                                                  10/19/2022 17:00:20 PAGE 1   


C51 COMPILER V9.54, COMPILATION OF MODULE INT0
OBJECT MODULE PLACED IN .\Objects\INT0.obj
COMPILER INVOKED BY: E:\learning_51\keil5\C51\BIN\C51.EXE INT0.c OPTIMIZE(8,SPEED) BROWSE DEBUG OBJECTEXTEND PRINT(.\Lis
                    -tings\INT0.lst) TABS(2) OBJECT(.\Objects\INT0.obj)

line level    source

   1          #include <REGX52.H>
   2          void Int0_Init()
   3          {
   4   1        IT0=1;  //下降沿触发
   5   1        IE0=0;
   6   1        EX0=1;
   7   1        EA=1;
   8   1        PX0=1;   //高优先级
   9   1      }
  10          
  11          //void Int0_Routine() interrupt 0
  12          //{
  13          //  Num++;
  14          //}


MODULE INFORMATION:   STATIC OVERLAYABLE
   CODE SIZE        =     11    ----
   CONSTANT SIZE    =   ----    ----
   XDATA SIZE       =   ----    ----
   PDATA SIZE       =   ----    ----
   DATA SIZE        =   ----    ----
   IDATA SIZE       =   ----    ----
   BIT SIZE         =   ----    ----
END OF MODULE INFORMATION.


C51 COMPILATION COMPLETE.  0 WARNING(S),  0 ERROR(S)
