C51 COMPILER V9.54   IR                                                                    10/24/2022 16:49:18 PAGE 1   


C51 COMPILER V9.54, COMPILATION OF MODULE IR
OBJECT MODULE PLACED IN .\Objects\IR.obj
COMPILER INVOKED BY: E:\learning_51\keil5\C51\BIN\C51.EXE IR.c OPTIMIZE(8,SPEED) BROWSE DEBUG OBJECTEXTEND PRINT(.\Listi
                    -ngs\IR.lst) TABS(2) OBJECT(.\Objects\IR.obj)

line level    source

   1          #include <REGX52.H>
   2          #include "Timer0.h"
   3          #include "Delay.h"
   4          #include "INT0.h"
   5          
   6          unsigned int IR_Time;
   7          unsigned char IR_State;
   8          
   9          unsigned char IR_Data[4];
  10          unsigned char IR_pData;
  11          unsigned char IR_DataFlag;
  12          unsigned char IR_RepeatFlag;
  13          unsigned char IR_Address;
  14          unsigned char IR_Command;
  15          
  16          void IR_Init()
  17          {
  18   1          Timer0Init();
  19   1          Int0_Init();
  20   1      }
  21          
  22          void Int0_Routine() interrupt 0
  23          {
  24   1          if(IR_State==0)
  25   1          {
  26   2              Timer0_SetCounter(0);
  27   2              Timer0_Run(1);
  28   2              IR_State=1;
  29   2          } else if(IR_State==1)
  30   1          {
  31   2              IR_Time=TimerGetCount();
  32   2              Timer0_SetCounter(0);
  33   2              if(IR_Time>=100&&IR_Time<=13500+500)
  34   2              {
  35   3                  P2=0;
  36   3                  IR_State=2;
  37   3              } else if(IR_Time>=11250-500&&IR_Time<=11250+500)
  38   2              {
  39   3                  IR_RepeatFlag=1;
  40   3                  Timer0_Run(0);
  41   3                  IR_State=0;
  42   3              }
  43   2          }
  44   1          else{IR_State=1;}
  45   1      }


MODULE INFORMATION:   STATIC OVERLAYABLE
   CODE SIZE        =    165    ----
   CONSTANT SIZE    =   ----    ----
   XDATA SIZE       =   ----    ----
   PDATA SIZE       =   ----    ----
   DATA SIZE        =     12    ----
   IDATA SIZE       =   ----    ----
C51 COMPILER V9.54   IR                                                                    10/24/2022 16:49:18 PAGE 2   

   BIT SIZE         =   ----    ----
END OF MODULE INFORMATION.


C51 COMPILATION COMPLETE.  0 WARNING(S),  0 ERROR(S)
