C51 COMPILER V9.54   TIMER0                                                                10/19/2022 17:21:09 PAGE 1   


C51 COMPILER V9.54, COMPILATION OF MODULE TIMER0
OBJECT MODULE PLACED IN .\Objects\Timer0.obj
COMPILER INVOKED BY: E:\learning_51\keil5\C51\BIN\C51.EXE Timer0.c OPTIMIZE(8,SPEED) BROWSE DEBUG OBJECTEXTEND PRINT(.\L
                    -istings\Timer0.lst) TABS(2) OBJECT(.\Objects\Timer0.obj)

line level    source

   1          #include <REGX52.H>
   2          void Timer0Init()
   3          {
   4   1        TMOD&=0xF0;  //高四位不变
   5   1        TMOD|=0x01;  //设置定时器模式1 以及设置为定时方式 0
   6   1        
   7   1        TL0 = 0;    //设置定时初值
   8   1        TH0 = 0;    //设置定时初值
   9   1        
  10   1        TF0=0;  //定时器0溢出标志位
  11   1        TR0=0;  //定时器0运行控制位  定时器0不计时
  12   1      }
  13          void Timer0_SetCounter(unsigned int Value)
  14          {
  15   1        TH0=Value/256;
  16   1        TL0=Value%256;
  17   1      }
  18          
  19          unsigned  int TimerGetCount()
  20          {
  21   1        return (TH0<<8)|TL0;
  22   1      }
  23          
  24          void Timer0_Run(unsigned char Flag)
  25          {
  26   1        TR0=Flag;
  27   1      }


MODULE INFORMATION:   STATIC OVERLAYABLE
   CODE SIZE        =     42    ----
   CONSTANT SIZE    =   ----    ----
   XDATA SIZE       =   ----    ----
   PDATA SIZE       =   ----    ----
   DATA SIZE        =   ----    ----
   IDATA SIZE       =   ----    ----
   BIT SIZE         =   ----    ----
END OF MODULE INFORMATION.


C51 COMPILATION COMPLETE.  0 WARNING(S),  0 ERROR(S)
