C51 COMPILER V9.54   MAIN                                                                  10/07/2022 20:34:42 PAGE 1   


C51 COMPILER V9.54, COMPILATION OF MODULE MAIN
OBJECT MODULE PLACED IN .\Objects\main.obj
COMPILER INVOKED BY: E:\learning_51\keil5\C51\BIN\C51.EXE main.c OPTIMIZE(8,SPEED) BROWSE DEBUG OBJECTEXTEND PRINT(.\Lis
                    -tings\main.lst) TABS(2) OBJECT(.\Objects\main.obj)

line level    source

   1          #include <REGX52.H>
   2          #include "Delay.h"
   3          #include "Timer0.h"
   4          #include "LCD1602.h"
   5          unsigned char sec=55,min=59,hour=23;
   6          void main()
   7          {
   8   1        LCD_Init();  //LCD初始化
   9   1        LCD_ShowString(1,1,"COLCK:");
  10   1        Timer0Init();  //定时器0初始化
  11   1        while(1)
  12   1        {
  13   2          LCD_ShowNum(2,1,hour,2); 
  14   2          LCD_ShowString(2,3,":");
  15   2          LCD_ShowNum(2,4,min,2);
  16   2          LCD_ShowString(2,6,":");
  17   2          LCD_ShowNum(2,7,sec,2);
  18   2        }
  19   1      }
  20          
  21          
  22          void TimerRoutine() interrupt 1
  23          {
  24   1        static unsigned int T0Count;
  25   1        //当触发中断后，每次中断结束后，初始值还是为64535 即1ms
  26   1        TL0 = 0x66;   //设置定时初值
  27   1        TH0 = 0xFC;   //设置定时初值
  28   1        T0Count++;
  29   1        if(T0Count>=1000)  //一次是1ms，*1000就是一秒    
  30   1        {
  31   2          T0Count=0;
  32   2          sec++;
  33   2          if(sec>=60)
  34   2          {
  35   3            sec=0;
  36   3            min++;
  37   3            if(min>=60)
  38   3            {
  39   4              min=0;
  40   4              hour++;
  41   4              if(hour>=24)
  42   4              {
  43   5                hour=0;
  44   5                sec=0;
  45   5                min=0;
  46   5              }
  47   4            }
  48   3          }
  49   2        }
  50   1      }


MODULE INFORMATION:   STATIC OVERLAYABLE
   CODE SIZE        =    169    ----
C51 COMPILER V9.54   MAIN                                                                  10/07/2022 20:34:42 PAGE 2   

   CONSTANT SIZE    =      9    ----
   XDATA SIZE       =   ----    ----
   PDATA SIZE       =   ----    ----
   DATA SIZE        =      5    ----
   IDATA SIZE       =   ----    ----
   BIT SIZE         =   ----    ----
END OF MODULE INFORMATION.


C51 COMPILATION COMPLETE.  0 WARNING(S),  0 ERROR(S)
