C51 COMPILER V9.54   TIMER0                                                                10/07/2022 20:16:23 PAGE 1   


C51 COMPILER V9.54, COMPILATION OF MODULE TIMER0
OBJECT MODULE PLACED IN .\Objects\Timer0.obj
COMPILER INVOKED BY: E:\learning_51\keil5\C51\BIN\C51.EXE Timer0.c OPTIMIZE(8,SPEED) BROWSE DEBUG OBJECTEXTEND PRINT(.\L
                    -istings\Timer0.lst) TABS(2) OBJECT(.\Objects\Timer0.obj)

line level    source

   1          #include <REGX52.H>
   2          
   3          /**
   4            * @brief 定时器0初始化
   5            * @param  
   6            * @retval 
   7            */
   8          void Timer0Init()
   9          {
  10   1        TMOD&=0xF0;  //高四位不变
  11   1        TMOD|=0x01;  //设置定时器模式1 以及设置为定时方式 0
  12   1        
  13   1        TL0 = 0x66;   //设置定时初值
  14   1        TH0 = 0xFC;   //设置定时初值
  15   1        
  16   1        TF0=0;  //定时器0溢出标志位
  17   1        TR0=1;  //定时器0运行控制位
  18   1        
  19   1        TF0=1;  //设置外部中断
  20   1        ET0=1;
  21   1        EA=1;
  22   1        PT0=0;
  23   1      }


MODULE INFORMATION:   STATIC OVERLAYABLE
   CODE SIZE        =     25    ----
   CONSTANT SIZE    =   ----    ----
   XDATA SIZE       =   ----    ----
   PDATA SIZE       =   ----    ----
   DATA SIZE        =   ----    ----
   IDATA SIZE       =   ----    ----
   BIT SIZE         =   ----    ----
END OF MODULE INFORMATION.


C51 COMPILATION COMPLETE.  0 WARNING(S),  0 ERROR(S)
