C51 COMPILER V9.54   DS18B20                                                               10/16/2022 21:53:08 PAGE 1   


C51 COMPILER V9.54, COMPILATION OF MODULE DS18B20
OBJECT MODULE PLACED IN .\Objects\DS18B20.obj
COMPILER INVOKED BY: E:\learning_51\keil5\C51\BIN\C51.EXE DS18B20.c OPTIMIZE(8,SPEED) BROWSE DEBUG OBJECTEXTEND PRINT(.\
                    -Listings\DS18B20.lst) TABS(2) OBJECT(.\Objects\DS18B20.obj)

line level    source

   1          #include <REGX52.H>
   2          #include "OneWire.h"
   3          #include "LCD1602.h"
   4          
   5          #define DS18B20_SKIP_ROW          0xCC
   6          #define DS18B20_CONVERT_T         0x44
   7          #define DS18B20_READ_SCRATCHPAD   0xBE
   8          
   9          void DS18B20_ConvertT()
  10          {
  11   1        OneWire_Init();
  12   1        OneWire_SendByte(DS18B20_SKIP_ROW);
  13   1        OneWire_SendByte(DS18B20_CONVERT_T);
  14   1      }
  15          
  16          
  17          float DS18B20_ReadT()
  18          {
  19   1        unsigned char TLSB,TMSB;
  20   1        int temp;
  21   1        float T;
  22   1        OneWire_Init();
  23   1        OneWire_SendByte(DS18B20_SKIP_ROW);
  24   1        OneWire_SendByte(DS18B20_READ_SCRATCHPAD);
  25   1        TLSB=OneWire_ReceiveByte();
  26   1        TMSB=OneWire_ReceiveByte();
  27   1        LCD_ShowBinNum(1,1,TMSB,8);
  28   1        LCD_ShowBinNum(1,9,TLSB,8);
  29   1        temp=(TMSB<<8)|TLSB;
  30   1        T=temp/16.0;
  31   1        
  32   1        return T;
  33   1      }


MODULE INFORMATION:   STATIC OVERLAYABLE
   CODE SIZE        =     89    ----
   CONSTANT SIZE    =   ----    ----
   XDATA SIZE       =   ----    ----
   PDATA SIZE       =   ----    ----
   DATA SIZE        =   ----       2
   IDATA SIZE       =   ----    ----
   BIT SIZE         =   ----    ----
END OF MODULE INFORMATION.


C51 COMPILATION COMPLETE.  0 WARNING(S),  0 ERROR(S)
