C51 COMPILER V9.54   MAIN                                                                  10/16/2022 21:53:08 PAGE 1   


C51 COMPILER V9.54, COMPILATION OF MODULE MAIN
OBJECT MODULE PLACED IN .\Objects\main.obj
COMPILER INVOKED BY: E:\learning_51\keil5\C51\BIN\C51.EXE main.c OPTIMIZE(8,SPEED) BROWSE DEBUG OBJECTEXTEND PRINT(.\Lis
                    -tings\main.lst) TABS(2) OBJECT(.\Objects\main.obj)

line level    source

   1          #include <REGX52.H>
   2          #include "LCD1602.h"
   3          #include "Delay.h"
   4          #include "DS18B20.h"
   5          
   6          //unsigned char Ack;
   7          float T;
   8          void main()
   9          {
  10   1        DS18B20_ConvertT();
  11   1        Delay(1000);
  12   1        LCD_Init();
  13   1        LCD_ShowString(1,1,"Temper");
  14   1      //  Ack=OneWire_Init();
  15   1      //  LCD_ShowNum(2,1,Ack,3);   从机DS18B20应答  Ack=0  没有应答 Ack=1
  16   1        while(1)
  17   1        {
  18   2          DS18B20_ConvertT();
  19   2          T=DS18B20_ReadT();
  20   2          if(T<0)
  21   2          {
  22   3            LCD_ShowChar(2,1,'-');
  23   3            T=-T;
  24   3          }
  25   2          else
  26   2          {
  27   3            LCD_ShowChar(2,1,'+');
  28   3          }
  29   2          LCD_ShowNum(2,2,T,3);
  30   2          LCD_ShowChar(2,5,'.');
  31   2          LCD_ShowNum(2,6,(unsigned long)(T*10000)%10000,4);
  32   2        }
  33   1      }


MODULE INFORMATION:   STATIC OVERLAYABLE
   CODE SIZE        =    174    ----
   CONSTANT SIZE    =      7    ----
   XDATA SIZE       =   ----    ----
   PDATA SIZE       =   ----    ----
   DATA SIZE        =      4    ----
   IDATA SIZE       =   ----    ----
   BIT SIZE         =   ----    ----
END OF MODULE INFORMATION.


C51 COMPILATION COMPLETE.  0 WARNING(S),  0 ERROR(S)
