C51 COMPILER V9.54   ONEWIRE                                                               10/16/2022 21:39:54 PAGE 1   


C51 COMPILER V9.54, COMPILATION OF MODULE ONEWIRE
OBJECT MODULE PLACED IN .\Objects\OneWire.obj
COMPILER INVOKED BY: E:\learning_51\keil5\C51\BIN\C51.EXE OneWire.c OPTIMIZE(8,SPEED) BROWSE DEBUG OBJECTEXTEND PRINT(.\
                    -Listings\OneWire.lst) TABS(2) OBJECT(.\Objects\OneWire.obj)

line level    source

   1          #include <REGX52.H>
   2          
   3          sbit OneWire_DQ=P3^7;
   4          
   5          
   6          unsigned char OneWire_Init()
   7          {
   8   1        unsigned char i;  
   9   1        unsigned char AckBit;  
  10   1        OneWire_DQ=1;
  11   1        OneWire_DQ=0;
  12   1        i = 227;while (--i); //延时500us
  13   1        
  14   1        OneWire_DQ=1; //释放总线
  15   1        
  16   1        i = 29;while (--i); //延时70us
  17   1        AckBit=OneWire_DQ;     //存在的从机会拉低总线  60-240us以响应主机
  18   1        i = 227;while (--i); //延时500us
  19   1        return AckBit;
  20   1      }
  21          
  22          /**
  23            * @brief DS18B20发送一位数据
  24            * @param  
  25            * @retval 
  26            */
  27          void OneWire_SendBit(unsigned char Bit)
  28          {
  29   1        unsigned char i;  
  30   1        OneWire_DQ=0;
  31   1        i = 4;while (--i);   //延时10us
  32   1        OneWire_DQ=Bit;
  33   1        
  34   1        i = 22;while (--i);  //延时50us
  35   1        OneWire_DQ=1; 
  36   1      }
  37          
  38          unsigned char OneWire_ReceiveBit()
  39          {
  40   1        unsigned char i;  
  41   1        unsigned char Bit;
  42   1        
  43   1        OneWire_DQ=0;
  44   1        i = 1;while (--i);  //延时5us
  45   1        OneWire_DQ=1;
  46   1        i = 1;while (--i);  //延时5us
  47   1        Bit=OneWire_DQ;
  48   1        i = 22;while (--i);  //延时50us
  49   1        return Bit;
  50   1      }
  51          
  52          void OneWire_SendByte(unsigned char Byte)
  53          {
  54   1        unsigned char i;
C51 COMPILER V9.54   ONEWIRE                                                               10/16/2022 21:39:54 PAGE 2   

  55   1        for(i=0;i<8;i++)
  56   1        {
  57   2          OneWire_SendBit(Byte&(0x01<<i));
  58   2        }
  59   1      }
  60          
  61          unsigned char OneWire_ReceiveByte()
  62          {
  63   1        unsigned char i;
  64   1        unsigned char Byte=0x00;
  65   1        for(i=0;i<8;i++)  
  66   1        {
  67   2          if(OneWire_ReceiveBit()){Byte|=(0x01<<i);}
  68   2        }
  69   1        return Byte;
  70   1      }


MODULE INFORMATION:   STATIC OVERLAYABLE
   CODE SIZE        =    122    ----
   CONSTANT SIZE    =   ----    ----
   XDATA SIZE       =   ----    ----
   PDATA SIZE       =   ----    ----
   DATA SIZE        =   ----    ----
   IDATA SIZE       =   ----    ----
   BIT SIZE         =   ----    ----
END OF MODULE INFORMATION.


C51 COMPILATION COMPLETE.  0 WARNING(S),  0 ERROR(S)
