C51 COMPILER V9.54   MAIN                                                                  10/08/2022 15:25:34 PAGE 1   


C51 COMPILER V9.54, COMPILATION OF MODULE MAIN
OBJECT MODULE PLACED IN .\Objects\main.obj
COMPILER INVOKED BY: E:\learning_51\keil5\C51\BIN\C51.EXE main.c OPTIMIZE(8,SPEED) BROWSE DEBUG OBJECTEXTEND PRINT(.\Lis
                    -tings\main.lst) TABS(2) OBJECT(.\Objects\main.obj)

line level    source

   1          #include <REGX52.H>
   2          #include "Delay.h"
   3          #include "Uart.h"
   4          
   5          void main()
   6          {
   7   1        Uart_Init();
   8   1        
   9   1        while(1)
  10   1        {
  11   2          
  12   2        }
  13   1      }
  14          
  15          
  16          void UART_Routine() interrupt 4  //串口中断子程序
  17            //电脑向串口发送数据，产生串口接收中断  
  18          {
  19   1        if(RI==1)   //产生了串口接收中断
  20   1        {   //需要这条语句的原因是发送数据也会产生中断
  21   2          P2=~SBUF;  //读入数据  读出的是接收寄存器
  22   2          UartSendByte(SBUF);
  23   2          RI=0;   //RI置0，清除中断申请
  24   2        }
  25   1      }


MODULE INFORMATION:   STATIC OVERLAYABLE
   CODE SIZE        =     76    ----
   CONSTANT SIZE    =   ----    ----
   XDATA SIZE       =   ----    ----
   PDATA SIZE       =   ----    ----
   DATA SIZE        =   ----    ----
   IDATA SIZE       =   ----    ----
   BIT SIZE         =   ----    ----
END OF MODULE INFORMATION.


C51 COMPILATION COMPLETE.  0 WARNING(S),  0 ERROR(S)
