C51 COMPILER V9.54   MAIN                                                                  09/26/2022 22:25:10 PAGE 1   


C51 COMPILER V9.54, COMPILATION OF MODULE MAIN
OBJECT MODULE PLACED IN .\Objects\main.obj
COMPILER INVOKED BY: E:\learning_51\keil5\C51\BIN\C51.EXE main.c OPTIMIZE(8,SPEED) BROWSE DEBUG OBJECTEXTEND PRINT(.\Lis
                    -tings\main.lst) TABS(2) OBJECT(.\Objects\main.obj)

line level    source

   1          #include <REGX52.H>
   2          
   3          //ÑÓÊ±º¯Êý
   4          void Delay1ms(unsigned int xms)   //@11.0592MHz
   5          {
   6   1        unsigned char i, j;
   7   1      while(xms)
   8   1      { 
   9   2        i = 2;
  10   2        j = 199;
  11   2        do
  12   2        {
  13   3          while (--j);
  14   3        } while (--i);
  15   2        xms--;
  16   2      }
  17   1        
  18   1      
  19   1      }
  20          
  21          void main()
  22          {
  23   1          while(1)
  24   1      {
  25   2        /*
  26   2        ?????LED????? ??????
  27   2        */
  28   2        
  29   2        //D1
  30   2        P2=0xFE;
  31   2        Delay1ms(1000);
  32   2        
  33   2        P2=0xFD;
  34   2        Delay1ms(1000);
  35   2        
  36   2        
  37   2        //D3
  38   2        P2=0xFB;
  39   2        Delay1ms(1000);
  40   2        
  41   2        
  42   2        //D4
  43   2        P2=0xF7;
  44   2        Delay1ms(100);
  45   2        
  46   2        
  47   2        P2=0xEF;
  48   2        Delay1ms(100);
  49   2        
  50   2        
  51   2        //D6
  52   2        P2=0xDF;
  53   2        Delay1ms(100);
  54   2        
C51 COMPILER V9.54   MAIN                                                                  09/26/2022 22:25:10 PAGE 2   

  55   2        
  56   2        //D7
  57   2        P2=0xBF;
  58   2        Delay1ms(100);
  59   2        
  60   2        
  61   2        //D8
  62   2        P2=0x7F;
  63   2        Delay1ms(100);
  64   2        
  65   2      }
  66   1      }


MODULE INFORMATION:   STATIC OVERLAYABLE
   CODE SIZE        =     86    ----
   CONSTANT SIZE    =   ----    ----
   XDATA SIZE       =   ----    ----
   PDATA SIZE       =   ----    ----
   DATA SIZE        =   ----    ----
   IDATA SIZE       =   ----    ----
   BIT SIZE         =   ----    ----
END OF MODULE INFORMATION.


C51 COMPILATION COMPLETE.  0 WARNING(S),  0 ERROR(S)
