C51 COMPILER V9.54   MAIN                                                                  09/26/2022 20:53:31 PAGE 1   


C51 COMPILER V9.54, COMPILATION OF MODULE MAIN
OBJECT MODULE PLACED IN .\Objects\main.obj
COMPILER INVOKED BY: E:\learning_51\keil5\C51\BIN\C51.EXE main.c OPTIMIZE(8,SPEED) BROWSE DEBUG OBJECTEXTEND PRINT(.\Lis
                    -tings\main.lst) TABS(2) OBJECT(.\Objects\main.obj)

line level    source

   1          #include <REGX52.H>
   2          #include<INTRINS.H>
   3          //LEDÉÁË¸  
   4          
   5          //ÑÓÊ±º¯Êý
   6          void Delay500ms()   //@11.0592MHz
   7          {
   8   1        unsigned char i, j, k;
   9   1      
  10   1        _nop_();
  11   1        i = 4;
  12   1        j = 129;
  13   1        k = 119;
  14   1        do
  15   1        {
  16   2          do
  17   2          {
  18   3            while (--k);
  19   3          } while (--j);
  20   2        } while (--i);
  21   1      }
  22          
  23          //Ö÷º¯Êý
  24          void  main()
  25          {
  26   1        while(1)
  27   1        {
  28   2        P2=0xFE;  // D1ÁÁ  1111 1110
  29   2        Delay500ms();
  30   2        P2=0xFF;  //D1Ãð   1111 1111
  31   2        Delay500ms();
  32   2        }
  33   1      }


MODULE INFORMATION:   STATIC OVERLAYABLE
   CODE SIZE        =     28    ----
   CONSTANT SIZE    =   ----    ----
   XDATA SIZE       =   ----    ----
   PDATA SIZE       =   ----    ----
   DATA SIZE        =   ----    ----
   IDATA SIZE       =   ----    ----
   BIT SIZE         =   ----    ----
END OF MODULE INFORMATION.


C51 COMPILATION COMPLETE.  0 WARNING(S),  0 ERROR(S)
