C51 COMPILER V9.54   I2C                                                                   10/16/2022 14:54:13 PAGE 1   


C51 COMPILER V9.54, COMPILATION OF MODULE I2C
OBJECT MODULE PLACED IN .\Objects\I2C.obj
COMPILER INVOKED BY: E:\learning_51\keil5\C51\BIN\C51.EXE I2C.c OPTIMIZE(8,SPEED) BROWSE DEBUG OBJECTEXTEND PRINT(.\List
                    -ings\I2C.lst) TABS(2) OBJECT(.\Objects\I2C.obj)

line level    source

   1          #include <REGX52.H>
   2          
   3          sbit I2C_SCL=P2^1;
   4          sbit I2C_SDA=P2^0;
   5          
   6          void I2C_Start()
   7          {
   8   1        I2C_SDA=1;
   9   1        I2C_SCL=1;  //SCL为高电平
  10   1        
  11   1        
  12   1        I2C_SDA=0;  //SDA出现下降沿
  13   1        I2C_SCL=0;
  14   1      }
  15          
  16          
  17          void I2C_Stop()
  18          {
  19   1        I2C_SDA=0;
  20   1        I2C_SCL=1;
  21   1        
  22   1        I2C_SDA=1;
  23   1        I2C_SCL=0;
  24   1      }
  25          
  26          void I2C_SendByte(unsigned char byte)
  27          {
  28   1        unsigned char i;
  29   1        for(i=0;i<8;i++)
  30   1        {
  31   2          I2C_SDA=byte&(0x80>>i);   //高位到低位 逐位进行读取
  32   2          I2C_SCL=1;  //产生一个下降沿  读取数据
  33   2          I2C_SCL=0;
  34   2        }
  35   1      }
  36          
  37          unsigned char I2C_ReceiveByte()
  38          {
  39   1        unsigned char i,byte=0x00;
  40   1        I2C_SDA=1;   //释放总线
  41   1        
  42   1        for(i=0;i<8;i++)
  43   1        {
  44   2          I2C_SCL=1;   //SDA的数据不再变化  控制权已经交给了从机  已经接收到了byte的最高
             -位并且开始读取
  45   2          if(I2C_SDA){byte|=(0x80>>i);}  //如果SDA为1 说明要接受的byte的最高位为1
  46   2          I2C_SCL=0;
  47   2        }
  48   1      
  49   1        return byte;
  50   1      }
  51          
  52          
  53          void I2C_SendAck(unsigned char AckBit)
C51 COMPILER V9.54   I2C                                                                   10/16/2022 14:54:13 PAGE 2   

  54          {
  55   1        I2C_SDA=AckBit;
  56   1        I2C_SCL=1;
  57   1        I2C_SCL=0;
  58   1      }
  59          
  60          unsigned char I2C_ReceiveAck()
  61          {
  62   1        unsigned char AckBit;
  63   1        I2C_SDA=1;   //主机释放对SDA的控制  这样从机才能够控制SDA为1或0
  64   1        I2C_SCL=1;
  65   1        AckBit=I2C_SDA;   //从机控制SDA
  66   1        I2C_SCL=0;
  67   1        return AckBit;
  68   1      }


MODULE INFORMATION:   STATIC OVERLAYABLE
   CODE SIZE        =    111    ----
   CONSTANT SIZE    =   ----    ----
   XDATA SIZE       =   ----    ----
   PDATA SIZE       =   ----    ----
   DATA SIZE        =   ----    ----
   IDATA SIZE       =   ----    ----
   BIT SIZE         =   ----    ----
END OF MODULE INFORMATION.


C51 COMPILATION COMPLETE.  0 WARNING(S),  0 ERROR(S)
