C51 COMPILER V9.54   AT24C02                                                               10/15/2022 21:47:40 PAGE 1   


C51 COMPILER V9.54, COMPILATION OF MODULE AT24C02
OBJECT MODULE PLACED IN .\Objects\AT24C02.obj
COMPILER INVOKED BY: E:\learning_51\keil5\C51\BIN\C51.EXE AT24C02.c OPTIMIZE(8,SPEED) BROWSE DEBUG OBJECTEXTEND PRINT(.\
                    -Listings\AT24C02.lst) TABS(2) OBJECT(.\Objects\AT24C02.obj)

line level    source

   1          #include <REGX52.H>
   2          #include "I2C.h"
   3          
   4          #define AT24C02_ADDRESS_W 0xA0  //从机地址
   5          #define AT24C02_ADDRESS_R 0xA1  
   6          
   7          /**
   8            * @brief AT24C02写入一个字节
   9            * @param  WordAdress 要写入的字节地址 
  10            * @param  Data 要写入的数据
  11            * @retval 无
  12            */
  13          void AT24C02_WriteByte(unsigned char WordAdress,Data)
  14          {
  15   1        //unsigned char Ack;
  16   1        I2C_Start();
  17   1        I2C_SendByte(AT24C02_ADDRESS_W);
  18   1        I2C_ReceiveACK();
  19   1        //Ack=I2C_ReceiveACK();  测试应答是否应答
  20   1        //if(Ack==0)P2=0x00;
  21   1        I2C_SendByte(WordAdress);
  22   1        I2C_ReceiveACK();
  23   1        
  24   1        I2C_SendByte(Data);
  25   1        I2C_ReceiveACK();
  26   1        
  27   1        I2C_Stop(); 
  28   1        
  29   1      }
  30          /**
  31            * @brief AT24C02读出一个字节的地址
  32            * @param  WordAdress 要写入的字节地址  
  33            * @retval 读出的数据
  34            */
  35          unsigned char AT24C02_ReadByte(unsigned char WordAdress)
  36          {
  37   1        unsigned char Data;
  38   1        I2C_Start();
  39   1        I2C_SendByte(AT24C02_ADDRESS_W);
  40   1        I2C_ReceiveACK();
  41   1        
  42   1        I2C_SendByte(WordAdress);
  43   1        I2C_ReceiveACK();
  44   1        
  45   1        I2C_Start();
  46   1        I2C_SendByte(AT24C02_ADDRESS_R);  //I2C_SendByte(AT24C02_ADDRESS|0x01);
  47   1        I2C_ReceiveACK();
  48   1        
  49   1        Data=I2C_ReceiveByte();
  50   1        I2C_SendAck(1);
  51   1        I2C_Stop();
  52   1        return Data;
  53   1      } 

C51 COMPILER V9.54   AT24C02                                                               10/15/2022 21:47:40 PAGE 2   


MODULE INFORMATION:   STATIC OVERLAYABLE
   CODE SIZE        =     84    ----
   CONSTANT SIZE    =   ----    ----
   XDATA SIZE       =   ----    ----
   PDATA SIZE       =   ----    ----
   DATA SIZE        =   ----       5
   IDATA SIZE       =   ----    ----
   BIT SIZE         =   ----    ----
END OF MODULE INFORMATION.


C51 COMPILATION COMPLETE.  0 WARNING(S),  0 ERROR(S)
