C51 COMPILER V9.54   MAIN                                                                  09/27/2022 12:22:42 PAGE 1   


C51 COMPILER V9.54, COMPILATION OF MODULE MAIN
OBJECT MODULE PLACED IN .\Objects\main.obj
COMPILER INVOKED BY: E:\learning_51\keil5\C51\BIN\C51.EXE main.c OPTIMIZE(8,SPEED) BROWSE DEBUG OBJECTEXTEND PRINT(.\Lis
                    -tings\main.lst) TABS(2) OBJECT(.\Objects\main.obj)

line level    source

   1          #include <REGX52.H>
   2          #include<INTRINS.H>
   3          //延时函数
   4          void Delay(unsigned int xms)    //@11.0592MHz
   5          {
   6   1        unsigned char i, j;
   7   1      
   8   1        while(xms)
   9   1        {
  10   2          _nop_();
  11   2          i = 2;
  12   2          j = 199;
  13   2          do
  14   2          {
  15   3            while (--j);
  16   3          } while (--i);
  17   2          xms--;
  18   2        }
  19   1      }
  20          
  21          //主函数
  22          void main()
  23          {
  24   1        while(1)
  25   1        {
  26   2          if(P3_1==0)  //开关k1闭合
  27   2          {
  28   3            Delay(20);  //防抖  按键按下时会有抖动 一般延时5-10ms
  29   3            
  30   3            while(P3_1==0)  //如果按下k1 那么就一直循环 松手后P3_1变成高电平 跳出循环
  31   3            {
  32   4              
  33   4            }
  34   3            Delay(20);    //防抖
  35   3            P2_0=~P2_0;   //对P2_0口进行取反
  36   3          }
  37   2        }
  38   1      }


MODULE INFORMATION:   STATIC OVERLAYABLE
   CODE SIZE        =     45    ----
   CONSTANT SIZE    =   ----    ----
   XDATA SIZE       =   ----    ----
   PDATA SIZE       =   ----    ----
   DATA SIZE        =   ----    ----
   IDATA SIZE       =   ----    ----
   BIT SIZE         =   ----    ----
END OF MODULE INFORMATION.


C51 COMPILATION COMPLETE.  0 WARNING(S),  0 ERROR(S)
