C51 COMPILER V9.54   UART                                                                  10/04/2022 20:19:11 PAGE 1   


C51 COMPILER V9.54, COMPILATION OF MODULE UART
OBJECT MODULE PLACED IN .\Objects\Uart.obj
COMPILER INVOKED BY: E:\learning_51\keil5\C51\BIN\C51.EXE Uart.c OPTIMIZE(8,SPEED) BROWSE DEBUG OBJECTEXTEND PRINT(.\Lis
                    -tings\Uart.lst) TABS(2) OBJECT(.\Objects\Uart.obj)

line level    source

   1          #include <REGX52.H>
   2          
   3          //配置串口
   4          void UartInit(void)   //4800bps@11.0592MHz
   5          {
   6   1        PCON |= 0x80;   //使能波特率倍速位SMOD
   7   1        SCON = 0x50;    //8位数据,可变波特率
   8   1      //  AUXR &= 0xBF;   //定时器1时钟为Fosc/12,即12T
   9   1      //  AUXR &= 0xFE;   //串口1选择定时器1为波特率发生器
  10   1        TMOD &= 0x0F;   //清除定时器1模式位
  11   1        TMOD |= 0x20;   //设定定时器1为8位自动重装方式
  12   1        TL1 = 0xF4;   //设定定时初值
  13   1        TH1 = 0xF4;   //设定定时器重装值
  14   1        ET1 = 0;    //禁止定时器1中断
  15   1        TR1 = 1;    //启动定时器1
  16   1      }
  17          
  18          //发送一个字节
  19          void UartSendByte(unsigned char byte)
  20          {
  21   1        SBUF=byte;
  22   1        while(TI==0);
  23   1        TI=0;
  24   1        
  25   1      }


MODULE INFORMATION:   STATIC OVERLAYABLE
   CODE SIZE        =     31    ----
   CONSTANT SIZE    =   ----    ----
   XDATA SIZE       =   ----    ----
   PDATA SIZE       =   ----    ----
   DATA SIZE        =   ----    ----
   IDATA SIZE       =   ----    ----
   BIT SIZE         =   ----    ----
END OF MODULE INFORMATION.


C51 COMPILATION COMPLETE.  0 WARNING(S),  0 ERROR(S)
