C51 COMPILER V9.54   MAIN                                                                  09/26/2022 21:15:32 PAGE 1   


C51 COMPILER V9.54, COMPILATION OF MODULE MAIN
OBJECT MODULE PLACED IN .\Objects\main.obj
COMPILER INVOKED BY: E:\learning_51\keil5\C51\BIN\C51.EXE main.c OPTIMIZE(8,SPEED) BROWSE DEBUG OBJECTEXTEND PRINT(.\Lis
                    -tings\main.lst) TABS(2) OBJECT(.\Objects\main.obj)

line level    source

   1          #include <REGX52.H>
   2          #include<INTRINS.H>
   3          //LED 流水灯
   4          //延时函数
   5          void Delay500ms()   //@11.0592MHz
   6          {
   7   1        unsigned char i, j, k;
   8   1      
   9   1        _nop_();
  10   1        i = 4;
  11   1        j = 129;
  12   1        k = 119;
  13   1        do
  14   1        {
  15   2          do
  16   2          {
  17   3            while (--k);
  18   3          } while (--j);
  19   2        } while (--i);
  20   1      }
  21          
  22          
  23          //主函数
  24          void main()
  25          {
  26   1        while(1)
  27   1      {
  28   2        /*
  29   2        其实就是让LED灯亮灭亮灭 然后设置延时
  30   2        */
  31   2        
  32   2        //D1
  33   2        P2=0xFE;
  34   2        Delay500ms();
  35   2        
  36   2        P2=0xFD;
  37   2        Delay500ms();
  38   2        
  39   2        
  40   2        //D3
  41   2        P2=0xFB;
  42   2        Delay500ms();
  43   2        
  44   2        
  45   2        //D4
  46   2        P2=0xF7;
  47   2        Delay500ms();
  48   2        
  49   2        
  50   2        P2=0xEF;
  51   2        Delay500ms();
  52   2        
  53   2        
  54   2        //D6
C51 COMPILER V9.54   MAIN                                                                  09/26/2022 21:15:32 PAGE 2   

  55   2        P2=0xDF;
  56   2        Delay500ms();
  57   2        
  58   2        
  59   2        //D7
  60   2        P2=0xBF;
  61   2        Delay500ms();
  62   2        
  63   2        
  64   2        //D8
  65   2        P2=0x7F;
  66   2        Delay500ms();
  67   2        
  68   2      }
  69   1      }


MODULE INFORMATION:   STATIC OVERLAYABLE
   CODE SIZE        =     64    ----
   CONSTANT SIZE    =   ----    ----
   XDATA SIZE       =   ----    ----
   PDATA SIZE       =   ----    ----
   DATA SIZE        =   ----    ----
   IDATA SIZE       =   ----    ----
   BIT SIZE         =   ----    ----
END OF MODULE INFORMATION.


C51 COMPILATION COMPLETE.  0 WARNING(S),  0 ERROR(S)
