C51 COMPILER V9.54   MAIN                                                                  09/27/2022 20:06:35 PAGE 1   


C51 COMPILER V9.54, COMPILATION OF MODULE MAIN
OBJECT MODULE PLACED IN .\Objects\main.obj
COMPILER INVOKED BY: E:\learning_51\keil5\C51\BIN\C51.EXE main.c OPTIMIZE(8,SPEED) BROWSE DEBUG OBJECTEXTEND PRINT(.\Lis
                    -tings\main.lst) TABS(2) OBJECT(.\Objects\main.obj)

line level    source

   1          #include <REGX52.H>
   2          #include<INTRINS.H>
   3          //延时函数
   4          void Delay(unsigned char xms)   //@11.0592MHz
   5          {
   6   1        unsigned char i, j;
   7   1      
   8   1        while(xms--)
   9   1        {
  10   2          _nop_();
  11   2        i = 2;
  12   2        j = 199;
  13   2        do
  14   2        {
  15   3          while (--j);
  16   3        } while (--i);
  17   2        }
  18   1      }
  19          
  20          unsigned char NixieTubeNumber[]={0x3f,0x06,0x5b,0x4f,0x66,0x6d,0x7d,0x07,0x7f,
  21                                          0x6f,0x77,0x7c,0x39,0x5e,0x79,0x71};  
  22          //数码管显示
  23          void NixieTube(unsigned char location,unsigned char context)
  24          {
  25   1        switch(location)
  26   1        {
  27   2          case 1:
  28   2            P2_4=0;P2_3=0;P2_2=0;break;
  29   2          case 2:
  30   2            P2_4=0;P2_3=0;P2_2=1;break;
  31   2          case 3:
  32   2            P2_4=0;P2_3=1;P2_2=0;break;
  33   2          case 4:
  34   2            P2_4=0;P2_3=1;P2_2=1;break;
  35   2          case 5:
  36   2            P2_4=1;P2_3=0;P2_2=0;break;
  37   2          case 6:
  38   2            P2_4=1;P2_3=0;P2_2=1;break;
  39   2          case 7:
  40   2            P2_4=1;P2_3=1;P2_2=0;break;
  41   2          case 8:
  42   2            P2_4=1;P2_3=1;P2_2=1;break;
  43   2        }
  44   1        P0=NixieTubeNumber[context];
  45   1        Delay(5);
  46   1        P0=0x00;
  47   1      }
  48          
  49          
  50          void main()
  51          {
  52   1        unsigned char i,j;
  53   1        //8位数码管从最低位到最高位 ，逐位显示0-7 不断循环
  54   1        for(j=0;j<8;j++)
C51 COMPILER V9.54   MAIN                                                                  09/27/2022 20:06:35 PAGE 2   

  55   1        {
  56   2          for(i=0;i<8;i++){
  57   3          Delay(100);
  58   3          NixieTube(j,i);
  59   3          }
  60   2        }
  61   1        
  62   1      }


MODULE INFORMATION:   STATIC OVERLAYABLE
   CODE SIZE        =    150    ----
   CONSTANT SIZE    =   ----    ----
   XDATA SIZE       =   ----    ----
   PDATA SIZE       =   ----    ----
   DATA SIZE        =     16    ----
   IDATA SIZE       =   ----    ----
   BIT SIZE         =   ----    ----
END OF MODULE INFORMATION.


C51 COMPILATION COMPLETE.  0 WARNING(S),  0 ERROR(S)
