C51 COMPILER V9.54   ONEWIRE                                                               10/17/2022 19:35:19 PAGE 1   


C51 COMPILER V9.54, COMPILATION OF MODULE ONEWIRE
OBJECT MODULE PLACED IN .\Objects\OneWire.obj
COMPILER INVOKED BY: E:\learning_51\keil5\C51\BIN\C51.EXE OneWire.c OPTIMIZE(8,SPEED) BROWSE DEBUG OBJECTEXTEND PRINT(.\
                    -Listings\OneWire.lst) TABS(2) OBJECT(.\Objects\OneWire.obj)

line level    source

   1          #include <REGX52.H>
   2          
   3          sbit OneWire_DQ=P3^7;
   4          
   5          
   6          unsigned char OneWire_Init()
   7          {
   8   1        unsigned char i;  
   9   1        unsigned char AckBit; 
  10   1        EA=0; 
  11   1        OneWire_DQ=1;
  12   1        OneWire_DQ=0;
  13   1        i = 227;while (--i); //延时500us
  14   1        
  15   1        OneWire_DQ=1; //释放总线
  16   1        
  17   1        i = 29;while (--i); //延时70us
  18   1        AckBit=OneWire_DQ;     //存在的从机会拉低总线  60-240us以响应主机
  19   1        i = 227;while (--i); //延时500us
  20   1        EA=1;
  21   1        return AckBit;
  22   1      }
  23          
  24          /**
  25            * @brief DS18B20发送一位数据
  26            * @param  
  27            * @retval 
  28            */
  29          void OneWire_SendBit(unsigned char Bit)
  30          {
  31   1        unsigned char i;  
  32   1        EA=0;
  33   1        OneWire_DQ=0;
  34   1        i = 4;while (--i);   //延时10us
  35   1        OneWire_DQ=Bit;
  36   1        
  37   1        i = 22;while (--i);  //延时50us
  38   1        OneWire_DQ=1; 
  39   1        EA=1;
  40   1      }
  41          
  42          unsigned char OneWire_ReceiveBit()
  43          {
  44   1        unsigned char i;  
  45   1        unsigned char Bit;
  46   1        EA=0;
  47   1        OneWire_DQ=0;
  48   1        i = 1;while (--i);  //延时5us
  49   1        OneWire_DQ=1;
  50   1        i = 1;while (--i);  //延时5us
  51   1        Bit=OneWire_DQ;
  52   1        i = 22;while (--i);  //延时50us
  53   1        EA=1;
  54   1        return Bit;
C51 COMPILER V9.54   ONEWIRE                                                               10/17/2022 19:35:19 PAGE 2   

  55   1      }
  56          
  57          void OneWire_SendByte(unsigned char Byte)
  58          {
  59   1        unsigned char i;
  60   1        for(i=0;i<8;i++)
  61   1        {
  62   2          OneWire_SendBit(Byte&(0x01<<i));
  63   2        }
  64   1      }
  65          
  66          unsigned char OneWire_ReceiveByte()
  67          {
  68   1        unsigned char i;
  69   1        unsigned char Byte=0x00;
  70   1        for(i=0;i<8;i++)  
  71   1        {
  72   2          if(OneWire_ReceiveBit()){Byte|=(0x01<<i);}
  73   2        }
  74   1        return Byte;
  75   1      }


MODULE INFORMATION:   STATIC OVERLAYABLE
   CODE SIZE        =    134    ----
   CONSTANT SIZE    =   ----    ----
   XDATA SIZE       =   ----    ----
   PDATA SIZE       =   ----    ----
   DATA SIZE        =   ----    ----
   IDATA SIZE       =   ----    ----
   BIT SIZE         =   ----    ----
END OF MODULE INFORMATION.


C51 COMPILATION COMPLETE.  0 WARNING(S),  0 ERROR(S)
