C51 COMPILER V9.54   AT24C02                                                               10/16/2022 15:31:53 PAGE 1   


C51 COMPILER V9.54, COMPILATION OF MODULE AT24C02
OBJECT MODULE PLACED IN .\Objects\AT24C02.obj
COMPILER INVOKED BY: E:\learning_51\keil5\C51\BIN\C51.EXE ..\10-x AT24C02\AT24C02.c OPTIMIZE(8,SPEED) BROWSE DEBUG OBJEC
                    -TEXTEND PRINT(.\Listings\AT24C02.lst) TABS(2) OBJECT(.\Objects\AT24C02.obj)

line level    source

   1          #include <REGX52.H>
   2          #include "I2C.h"
   3          
   4          #define AT24C02_SLAVE_ADDRESS_W 0xA0  //从机写地址
   5          #define AT24C02_SLAVE_ADDRESS_R 0xA1  //从机读地址
   6          
   7          /**
   8            * @brief AT24C02写入一个字节
   9            * @param  WordAddress 要写入字节的地址
  10            * @param  Data 要写入的数据
  11            * @retval 无
  12            */
  13          void AT24C02_WriteByte(unsigned char WordAddress,Data)  //在WordAddress处写入Data
  14          {
  15   1        I2C_Start();
  16   1        
  17   1        I2C_SendByte(AT24C02_SLAVE_ADDRESS_W);  
  18   1        I2C_ReceiveAck();
  19   1        
  20   1        
  21   1        I2C_SendByte(WordAddress);  
  22   1        I2C_ReceiveAck();
  23   1        
  24   1        I2C_SendByte(Data);
  25   1        I2C_ReceiveAck();
  26   1        
  27   1        I2C_Stop();
  28   1      }
  29          
  30          /**
  31            * @brief AT24C02读取一个字节
  32            * @param  WordAddress 要读入字节的地址
  33            * @retval Data 读出的数据
  34            */
  35          unsigned char AT24C02_ReadByte(unsigned char WordAddress)
  36          {
  37   1        unsigned char Data;
  38   1        I2C_Start();
  39   1        
  40   1        I2C_SendByte(AT24C02_SLAVE_ADDRESS_W);  
  41   1        I2C_ReceiveAck();
  42   1        
  43   1        I2C_SendByte(WordAddress);  
  44   1        I2C_ReceiveAck();
  45   1        
  46   1        I2C_Start();
  47   1        I2C_SendByte(AT24C02_SLAVE_ADDRESS_R);  
  48   1        I2C_ReceiveAck();
  49   1        
  50   1        Data=I2C_ReceiveByte();
  51   1        I2C_SendAck(1);
  52   1        I2C_Stop();
  53   1        return Data;
  54   1      }
C51 COMPILER V9.54   AT24C02                                                               10/16/2022 15:31:53 PAGE 2   



MODULE INFORMATION:   STATIC OVERLAYABLE
   CODE SIZE        =     84    ----
   CONSTANT SIZE    =   ----    ----
   XDATA SIZE       =   ----    ----
   PDATA SIZE       =   ----    ----
   DATA SIZE        =   ----       5
   IDATA SIZE       =   ----    ----
   BIT SIZE         =   ----    ----
END OF MODULE INFORMATION.


C51 COMPILATION COMPLETE.  0 WARNING(S),  0 ERROR(S)
