C51 COMPILER V9.54   MAIN                                                                  10/16/2022 16:43:30 PAGE 1   


C51 COMPILER V9.54, COMPILATION OF MODULE MAIN
OBJECT MODULE PLACED IN .\Objects\main.obj
COMPILER INVOKED BY: E:\learning_51\keil5\C51\BIN\C51.EXE main.c OPTIMIZE(8,SPEED) BROWSE DEBUG OBJECTEXTEND PRINT(.\Lis
                    -tings\main.lst) TABS(2) OBJECT(.\Objects\main.obj)

line level    source

   1          #include <REGX52.H>
   2          #include "Key.h"
   3          #include "Delay.h"
   4          #include "NixieTube.h"
   5          #include "I2C.h"
   6          #include "AT24C02.h"
   7          #include "Timer0.h"
   8          
   9          unsigned char KeyNum;
  10          unsigned char Min,Sec,MiniSec;
  11          unsigned char RunFlag;
  12          void main()
  13          {
  14   1        Timer0Init();
  15   1        
  16   1        while(1)
  17   1        {
  18   2          KeyNum=Key();
  19   2          if(KeyNum==1)
  20   2          {
  21   3            RunFlag=!RunFlag;
  22   3          }
  23   2          if(KeyNum==2)
  24   2          {
  25   3            Min=0;
  26   3            Sec=0;
  27   3            MiniSec=0;
  28   3          }
  29   2          if(KeyNum==3)
  30   2          {
  31   3            AT24C02_WriteByte(0,Min);
  32   3            Delay(5);
  33   3            AT24C02_WriteByte(1,Sec);
  34   3            Delay(5);
  35   3            AT24C02_WriteByte(2,MiniSec);
  36   3            Delay(5);
  37   3          }
  38   2          if(KeyNum==4)
  39   2          {
  40   3            Min=AT24C02_ReadByte(0);
  41   3            Sec=AT24C02_ReadByte(1);
  42   3            MiniSec=AT24C02_ReadByte(2);
  43   3          }
  44   2          NixieTubeSetBuf(8,Min/10);
  45   2          NixieTubeSetBuf(7,Min%10);
  46   2          NixieTubeSetBuf(6,11);
  47   2          NixieTubeSetBuf(5,Sec/10);
  48   2          NixieTubeSetBuf(4,Sec%10);
  49   2          NixieTubeSetBuf(3,11);  
  50   2          NixieTubeSetBuf(2,MiniSec/10);
  51   2          NixieTubeSetBuf(1,MiniSec%10);
  52   2        }
  53   1      }
  54          
C51 COMPILER V9.54   MAIN                                                                  10/16/2022 16:43:30 PAGE 2   

  55          void Sec_Loop()
  56          {
  57   1        if(RunFlag)
  58   1        {
  59   2          MiniSec++;
  60   2          if(MiniSec>=100)
  61   2          {
  62   3            MiniSec=0;
  63   3            Sec++;
  64   3            if(Sec>=60)
  65   3            {
  66   4              Sec=0;
  67   4              Min++;
  68   4              if(Min>=60)
  69   4              {
  70   5                Min=0;
  71   5              }
  72   4            }
  73   3          }
  74   2        }
  75   1      }
  76          void Timer0_Rourine() interrupt 1
  77          {
  78   1        static unsigned int T0count1,T0count2,T0count3;
  79   1        TL0 = 0x66;   //设置定时初值
  80   1        TH0 = 0xFC;   //设置定时初值
  81   1        T0count1++;
  82   1        if(T0count1>=20)
  83   1        {
  84   2          T0count1=0;
  85   2          Key_Loop();
  86   2        }
  87   1        T0count2++;
  88   1        if(T0count2>=2)
  89   1        {
  90   2          T0count2=0;
  91   2          NixieTube_Loop();
  92   2        }
  93   1        T0count3++;
  94   1        if(T0count3>=10)
  95   1        {
  96   2          T0count3=0;
  97   2          Sec_Loop();
  98   2        }
  99   1      }


MODULE INFORMATION:   STATIC OVERLAYABLE
   CODE SIZE        =    385    ----
   CONSTANT SIZE    =   ----    ----
   XDATA SIZE       =   ----    ----
   PDATA SIZE       =   ----    ----
   DATA SIZE        =     11    ----
   IDATA SIZE       =   ----    ----
   BIT SIZE         =   ----    ----
END OF MODULE INFORMATION.


C51 COMPILATION COMPLETE.  0 WARNING(S),  0 ERROR(S)
