C51 COMPILER V9.54   NIXIETUBE                                                             10/16/2022 16:35:05 PAGE 1   


C51 COMPILER V9.54, COMPILATION OF MODULE NIXIETUBE
OBJECT MODULE PLACED IN .\Objects\NixieTube.obj
COMPILER INVOKED BY: E:\learning_51\keil5\C51\BIN\C51.EXE NixieTube.c OPTIMIZE(8,SPEED) BROWSE DEBUG OBJECTEXTEND PRINT(
                    -.\Listings\NixieTube.lst) TABS(2) OBJECT(.\Objects\NixieTube.obj)

line level    source

   1          #include <REGX52.H>
   2          #include "Delay.h"
   3          
   4          unsigned char NixieTubeBuffer[9]={0,10,10,10,10,10,10,10,10};  //显示缓存区
   5          unsigned char NixieTubeNumber[]={0x3f,0x06,0x5b,0x4f,0x66,0x6d,0x7d,0x07,0x7f,
   6                                          0x6f,0x00,0x40,0x77,0x7c,0x39,0x5e,0x79,0x71};  //P0口对应的LEd状态
   7          //控制数码管点亮和P0端口的写入 实现第几个LED亮起显示哪个内容
   8                                          
   9          void NixieTubeSetBuf(unsigned char location,unsigned char context)
  10          {
  11   1         NixieTubeBuffer[location]=context;
  12   1      }
  13          void NixieTube_Scan(unsigned char location,unsigned char context)
  14          {
  15   1        P0=0x00;
  16   1        switch(location)
  17   1        {
  18   2          case 1:
  19   2            P2_4=0;P2_3=0;P2_2=0;break;
  20   2          case 2:
  21   2            P2_4=0;P2_3=0;P2_2=1;break;
  22   2          case 3:
  23   2            P2_4=0;P2_3=1;P2_2=0;break;
  24   2          case 4:
  25   2            P2_4=0;P2_3=1;P2_2=1;break;
  26   2          case 5:
  27   2            P2_4=1;P2_3=0;P2_2=0;break;
  28   2          case 6:
  29   2            P2_4=1;P2_3=0;P2_2=1;break;
  30   2          case 7:
  31   2            P2_4=1;P2_3=1;P2_2=0;break;
  32   2          case 8:
  33   2            P2_4=1;P2_3=1;P2_2=1;break;
  34   2        }
  35   1        P0=NixieTubeNumber[context];
  36   1      }
  37          
  38          void NixieTube_Loop()
  39          {
  40   1        static unsigned char i=1;
  41   1        NixieTube_Scan(i,NixieTubeBuffer[i]);
  42   1        i++;
  43   1        if(i>=9)i=1;
  44   1      }


MODULE INFORMATION:   STATIC OVERLAYABLE
   CODE SIZE        =    134    ----
   CONSTANT SIZE    =   ----    ----
   XDATA SIZE       =   ----    ----
   PDATA SIZE       =   ----    ----
   DATA SIZE        =     28    ----
   IDATA SIZE       =   ----    ----
   BIT SIZE         =   ----    ----
C51 COMPILER V9.54   NIXIETUBE                                                             10/16/2022 16:35:05 PAGE 2   

END OF MODULE INFORMATION.


C51 COMPILATION COMPLETE.  0 WARNING(S),  0 ERROR(S)
