C51 COMPILER V9.54   NIXIETUBE                                                             09/28/2022 15:04:22 PAGE 1   


C51 COMPILER V9.54, COMPILATION OF MODULE NIXIETUBE
OBJECT MODULE PLACED IN .\Objects\NixieTube.obj
COMPILER INVOKED BY: E:\learning_51\keil5\C51\BIN\C51.EXE NixieTube.c OPTIMIZE(8,SPEED) BROWSE DEBUG OBJECTEXTEND PRINT(
                    -.\Listings\NixieTube.lst) TABS(2) OBJECT(.\Objects\NixieTube.obj)

line level    source

   1          #include <REGX52.H>
   2          #include <Delay.h>
   3          unsigned char NixieTubeNumber[]={0x3f,0x06,0x5b,0x4f,0x66,0x6d,0x7d,0x07,0x7f,
   4                                          0x6f,0x77,0x7c,0x39,0x5e,0x79,0x71};  //P0口对应的LEd状态
   5          //控制数码管点亮和P0端口的写入 实现第几个LED亮起显示哪个内容
   6          void NixieTube(unsigned char location,unsigned char context)
   7          {
   8   1        switch(location)
   9   1        {
  10   2          case 1:
  11   2            P2_4=0;P2_3=0;P2_2=0;break;
  12   2          case 2:
  13   2            P2_4=0;P2_3=0;P2_2=1;break;
  14   2          case 3:
  15   2            P2_4=0;P2_3=1;P2_2=0;break;
  16   2          case 4:
  17   2            P2_4=0;P2_3=1;P2_2=1;break;
  18   2          case 5:
  19   2            P2_4=1;P2_3=0;P2_2=0;break;
  20   2          case 6:
  21   2            P2_4=1;P2_3=0;P2_2=1;break;
  22   2          case 7:
  23   2            P2_4=1;P2_3=1;P2_2=0;break;
  24   2          case 8:
  25   2            P2_4=1;P2_3=1;P2_2=1;break;
  26   2        }
  27   1        P0=NixieTubeNumber[context];
  28   1        Delay(1);
  29   1        P0=0x00;
  30   1      }


MODULE INFORMATION:   STATIC OVERLAYABLE
   CODE SIZE        =    107    ----
   CONSTANT SIZE    =   ----    ----
   XDATA SIZE       =   ----    ----
   PDATA SIZE       =   ----    ----
   DATA SIZE        =     16    ----
   IDATA SIZE       =   ----    ----
   BIT SIZE         =   ----    ----
END OF MODULE INFORMATION.


C51 COMPILATION COMPLETE.  0 WARNING(S),  0 ERROR(S)
