C51 COMPILER V9.54   MAIN                                                                  09/29/2022 22:45:04 PAGE 1   


C51 COMPILER V9.54, COMPILATION OF MODULE MAIN
OBJECT MODULE PLACED IN .\Objects\main.obj
COMPILER INVOKED BY: E:\learning_51\keil5\C51\BIN\C51.EXE main.c OPTIMIZE(8,SPEED) BROWSE DEBUG OBJECTEXTEND PRINT(.\Lis
                    -tings\main.lst) TABS(2) OBJECT(.\Objects\main.obj)

line level    source

   1          #include <REGX52.H>
   2          #include "Timer0.H"
   3          #include "Key.H"
   4          
   5          unsigned char KeyNum;
   6          void main()
   7          {
   8   1        //Timer0Init();
   9   1        while(1)
  10   1        {
  11   2          KeyNum=Key();
  12   2          if(KeyNum==1)P2_1=~P2_1;
  13   2          if(KeyNum==2)P2_2=~P2_2;
  14   2          if(KeyNum==3)P2_3=~P2_3;
  15   2          if(KeyNum==4)P2_4=~P2_4;
  16   2        }
  17   1      }
  18          //unsigned int T0Count;
  19          //void Timer0_Routine() interrupt 1
  20          //{
  21          //  //中断服务程序
  22          //  TL0 = 0x18;   //设置定时初值
  23          //  TH0 = 0xFC;   //设置定时初值   64535/256 ->252 ->FC
  24          //  T0Count++;   //每触发一次中断 就加1
  25          //  if(T0Count>=1000)
  26          //  {    //1s  一次定时是1ms
  27          //    T0Count=0;
  28          //    P2_0=~P2_0;
  29          //  }
  30          //  
  31          //}


MODULE INFORMATION:   STATIC OVERLAYABLE
   CODE SIZE        =     35    ----
   CONSTANT SIZE    =   ----    ----
   XDATA SIZE       =   ----    ----
   PDATA SIZE       =   ----    ----
   DATA SIZE        =      1    ----
   IDATA SIZE       =   ----    ----
   BIT SIZE         =   ----    ----
END OF MODULE INFORMATION.


C51 COMPILATION COMPLETE.  0 WARNING(S),  0 ERROR(S)
