C51 COMPILER V9.54   TIMER0                                                                09/29/2022 22:11:51 PAGE 1   


C51 COMPILER V9.54, COMPILATION OF MODULE TIMER0
OBJECT MODULE PLACED IN .\Objects\Timer0.obj
COMPILER INVOKED BY: E:\learning_51\keil5\C51\BIN\C51.EXE Timer0.c OPTIMIZE(8,SPEED) BROWSE DEBUG OBJECTEXTEND PRINT(.\L
                    -istings\Timer0.lst) TABS(2) OBJECT(.\Objects\Timer0.obj)

line level    source

   1          #include <REGX52.H>
   2          
   3          //第一遍自己学的
   4          /*void Timer0_Init()  //定时器0
   5          {
   6            //TMOD=0x01;  // 0000 0001 ->GATE  C/_T M1 M2  配置工作模式寄存器
   7            TMOD=TMOD&0xF0;  //把TMOD的低四位都清零 高四位默认不变  寄存器是从右到左 0-7
   8            TMOD=TMOD|0x01;  //把TMOD的低四位中的 M2->1   0000 0001  
   9            //这样的好处是操作其中的某些位，而不影响其他位
  10            //TCON
  11            TF0=0;      //一旦等于1就产生中断
  12            TR0=1;     //T0定时器是否开启
  13            TH0=64535/256;  //取出高八位   64535(10)->48F6(16)->取高八位->/16
  14            TL0=64535%256;  //取出低八位
  15            
  16            ET0=1;  //中断打开
  17            EA=1;   
  18            PT0=0;
  19          }*/
  20          
  21          //软件自动生成
  22          void Timer0Init(void)   //1000微秒@12.000MHz
  23          {
  24   1        //AUXR &= 0x7F;   //定时器时钟12T模式
  25   1        TMOD &= 0xF0;   //设置定时器模式
  26   1        TMOD |= 0x01;   //设置定时器模式
  27   1        TL0 = 0x18;   //设置定时初值
  28   1        TH0 = 0xFC;   //设置定时初值   64535/256 ->252 ->FC
  29   1        TF0 = 0;    //清除TF0标志
  30   1        TR0 = 1;    //定时器0开始计时
  31   1        
  32   1        ET0=1;  //中断打开
  33   1        EA=1;   
  34   1        PT0=0;
  35   1      }


MODULE INFORMATION:   STATIC OVERLAYABLE
   CODE SIZE        =     23    ----
   CONSTANT SIZE    =   ----    ----
   XDATA SIZE       =   ----    ----
   PDATA SIZE       =   ----    ----
   DATA SIZE        =   ----    ----
   IDATA SIZE       =   ----    ----
   BIT SIZE         =   ----    ----
END OF MODULE INFORMATION.


C51 COMPILATION COMPLETE.  0 WARNING(S),  0 ERROR(S)
