C51 COMPILER V9.54   MAIN                                                                  10/04/2022 20:59:03 PAGE 1   


C51 COMPILER V9.54, COMPILATION OF MODULE MAIN
OBJECT MODULE PLACED IN .\Objects\main.obj
COMPILER INVOKED BY: E:\learning_51\keil5\C51\BIN\C51.EXE main.c OPTIMIZE(8,SPEED) BROWSE DEBUG OBJECTEXTEND PRINT(.\Lis
                    -tings\main.lst) TABS(2) OBJECT(.\Objects\main.obj)

line level    source

   1          #include <REGX52.H>
   2          #include "Delay.h"
   3          #include "Uart.h"
   4          
   5          void main()
   6          {
   7   1        UartInit(); 
   8   1        
   9   1        while(1)
  10   1        {
  11   2          
  12   2        }
  13   1      }
  14          
  15          void UartRoutine() interrupt 4  //串口中断服务子程序
  16          {
  17   1        if(RI==1)
  18   1        {
  19   2          P2=~SBUF;
  20   2          UartSendByte(SBUF);
  21   2          RI=0;  //中断标志位清零
  22   2        }
  23   1      }


MODULE INFORMATION:   STATIC OVERLAYABLE
   CODE SIZE        =     76    ----
   CONSTANT SIZE    =   ----    ----
   XDATA SIZE       =   ----    ----
   PDATA SIZE       =   ----    ----
   DATA SIZE        =   ----    ----
   IDATA SIZE       =   ----    ----
   BIT SIZE         =   ----    ----
END OF MODULE INFORMATION.


C51 COMPILATION COMPLETE.  0 WARNING(S),  0 ERROR(S)
