C51 COMPILER V9.54   UART                                                                  10/04/2022 20:54:19 PAGE 1   


C51 COMPILER V9.54, COMPILATION OF MODULE UART
OBJECT MODULE PLACED IN .\Objects\Uart.obj
COMPILER INVOKED BY: E:\learning_51\keil5\C51\BIN\C51.EXE Uart.c OPTIMIZE(8,SPEED) BROWSE DEBUG OBJECTEXTEND PRINT(.\Lis
                    -tings\Uart.lst) TABS(2) OBJECT(.\Objects\Uart.obj)

line level    source

   1          #include <REGX52.H>
   2          
   3          //配置串口
   4          /**
   5            * @brief 串口初始化
   6            * @param 无
   7            * @retval  无
   8            */
   9          void UartInit(void)   //4800bps@11.0592MHz
  10          {
  11   1        PCON |= 0x80;   //使能波特率倍速位SMOD
  12   1        SCON = 0x50;    //8位数据,可变波特率
  13   1        TMOD &= 0x0F;   //清除定时器1模式位
  14   1        TMOD |= 0x20;   //设定定时器1为8位自动重装方式
  15   1        TL1 = 0xF4;   //设定定时初值
  16   1        TH1 = 0xF4;   //设定定时器重装值
  17   1        ET1 = 0;    //禁止定时器1中断
  18   1        TR1 = 1;    //启动定时器1
  19   1        
  20   1        //考虑中断  启动串口中断
  21   1        EA=1;
  22   1        ES=1;
  23   1      }
  24          
  25          //发送一个字节
  26          /**
  27            * @brief 串口发送一个数据
  28            * @param  byte 要发送的一个字节数据
  29            * @retval 无
  30            */
  31          void UartSendByte(unsigned char byte)
  32          {
  33   1        SBUF=byte;
  34   1        while(TI==0);
  35   1        TI=0;
  36   1        
  37   1      }


MODULE INFORMATION:   STATIC OVERLAYABLE
   CODE SIZE        =     35    ----
   CONSTANT SIZE    =   ----    ----
   XDATA SIZE       =   ----    ----
   PDATA SIZE       =   ----    ----
   DATA SIZE        =   ----    ----
   IDATA SIZE       =   ----    ----
   BIT SIZE         =   ----    ----
END OF MODULE INFORMATION.


C51 COMPILATION COMPLETE.  0 WARNING(S),  0 ERROR(S)
