C51 COMPILER V9.54   MAIN                                                                  09/27/2022 20:31:38 PAGE 1   


C51 COMPILER V9.54, COMPILATION OF MODULE MAIN
OBJECT MODULE PLACED IN .\Objects\main.obj
COMPILER INVOKED BY: E:\learning_51\keil5\C51\BIN\C51.EXE main.c OPTIMIZE(8,SPEED) BROWSE DEBUG OBJECTEXTEND PRINT(.\Lis
                    -tings\main.lst) TABS(2) OBJECT(.\Objects\main.obj)

line level    source

   1          #include <REGX52.H>
   2          #include<INTRINS.H>
   3          //延迟函数
   4          void Delay(unsigned char xms)   //@11.0592MHz
   5          {
   6   1        unsigned char i, j;
   7   1      
   8   1        while(xms--)
   9   1        {
  10   2          _nop_();
  11   2        i = 2;
  12   2        j = 199;
  13   2        do
  14   2        {
  15   3          while (--j);
  16   3        } while (--i);
  17   2        }
  18   1      }
  19          
  20          //主函数
  21          void main()
  22          {
  23   1        unsigned char i;
  24   1        
  25   1        while(1)
  26   1        {
  27   2          //LED5亮
  28   2          P2_4=1;
  29   2          P2_3=0;
  30   2          P2_2=0;
  31   2          Delay(3);
  32   2          
  33   2          P0=0x01;  //让数码管的a段亮  0000 0001
  34   2          for(i=0;i<6;i++)
  35   2          {  
  36   3            
  37   3            P0<<=1;   //左移    0000  0010  
  38   3            P0=P1|0x01;  //让a段亮了之后 位或保留最低位 0000 0010 | 0000 0001 ->0000 0011
  39   3            Delay(3);
  40   3            P0=0x00;
  41   3          }
  42   2        }
  43   1      }


MODULE INFORMATION:   STATIC OVERLAYABLE
   CODE SIZE        =     60    ----
   CONSTANT SIZE    =   ----    ----
   XDATA SIZE       =   ----    ----
   PDATA SIZE       =   ----    ----
   DATA SIZE        =   ----    ----
   IDATA SIZE       =   ----    ----
   BIT SIZE         =   ----    ----
END OF MODULE INFORMATION.

C51 COMPILER V9.54   MAIN                                                                  09/27/2022 20:31:38 PAGE 2   


C51 COMPILATION COMPLETE.  0 WARNING(S),  0 ERROR(S)
